2024-04-26:12:22:38 BRANCH 2 LOG

2024-04-26:12:22:40 Branch 2: 924k $   Transferred TO the branch  1. (send_time:2024-04-26:12:22:40)
2024-04-26:12:22:41 Branch 2: 994k $   Transferred TO the branch  0. (send_time:2024-04-26:12:22:41)
2024-04-26:12:22:42 Branch 2: 940k $   Transferred TO the branch  1. (send_time:2024-04-26:12:22:42)
2024-04-26:12:22:43 Branch 2: 686k $   Transferred TO the branch  0. (send_time:2024-04-26:12:22:43)
2024-04-26:12:22:45 Initiating a snapshot.
2024-04-26:12:22:45 Sent marker TO 0
2024-04-26:12:22:45 Sent marker TO 1
2024-04-26:12:22:46 Branch 2: 515k $   Transferred TO the branch  1. (send_time:2024-04-26:12:22:46)
2024-04-26:12:22:47 Branch 2: 520k $   Transferred TO the branch  1. (send_time:2024-04-26:12:22:47)
2024-04-26:12:22:48 Branch 2: 874k $   Transferred TO the branch  0. (send_time:2024-04-26:12:22:48)
2024-04-26:12:22:49 Branch 2: 193k $   Transferred TO the branch  1. (send_time:2024-04-26:12:22:49)
2024-04-26:12:22:51 Branch 2: 873k $   Transferred TO the branch  1. (send_time:2024-04-26:12:22:51)
2024-04-26:12:22:52 Branch 2: 925k $   Transferred TO the branch  0. (send_time:2024-04-26:12:22:52)
2024-04-26:12:22:53 Branch 2: 50k $   Transferred TO the branch  0. (send_time:2024-04-26:12:22:53)
2024-04-26:12:22:53 Branch 2: 867k $   Transferred TO the branch  1. (send_time:2024-04-26:12:22:53)
2024-04-26:12:22:54 Branch 2: 470k $   Transferred TO the branch  1. (send_time:2024-04-26:12:22:54)
2024-04-26:12:22:55 Branch 2: 806k $   Transferred TO the branch  0. (send_time:2024-04-26:12:22:55)
2024-04-26:12:22:57 Branch 2: 31k $   Transferred TO the branch  1. (send_time:2024-04-26:12:22:57)
2024-04-26:12:22:57 Branch 2: 910k $   Transferred TO the branch  0. (send_time:2024-04-26:12:22:57)
2024-04-26:12:22:58 Branch 2: 166k $   Transferred TO the branch  1. (send_time:2024-04-26:12:22:58)
2024-04-26:12:22:59 Branch 1 has just sent its local snapshot.
2024-04-26:12:22:59 Branch 2: 141k $   Transferred TO the branch  1. (send_time:2024-04-26:12:22:59)
2024-04-26:12:23:00 Branch 2: 874k $   Transferred TO the branch  0. (send_time:2024-04-26:12:23:00)
2024-04-26:12:23:01 Branch 2: 611k $   Transferred TO the branch  0. (send_time:2024-04-26:12:23:01)
2024-04-26:12:23:02 Branch 2: 802k $   Transferred TO the branch  1. (send_time:2024-04-26:12:23:02)
2024-04-26:12:23:04 Branch 2: 98k $   Transferred TO the branch  1. (send_time:2024-04-26:12:23:04)
2024-04-26:12:23:04 Branch 2: 730k $   Transferred TO the branch  0. (send_time:2024-04-26:12:23:04)
2024-04-26:12:23:07 Branch 2: 6k $   Transferred TO the branch  0. (send_time:2024-04-26:12:23:07)
2024-04-26:12:23:07 Branch 0 has just sent its local snapshot.
2024-04-26:12:23:09 Branch 2: 539k $   Transferred TO the branch  0. (send_time:2024-04-26:12:23:09)
2024-04-26:12:23:09 Initiating a snapshot.
2024-04-26:12:23:09 Sent marker TO 0
2024-04-26:12:23:09 Sent marker TO 1
2024-04-26:12:23:10 Branch 2: 356k $   Transferred TO the branch  1. (send_time:2024-04-26:12:23:10)
2024-04-26:12:23:10 Branch 2: 855k $   Transferred TO the branch  0. (send_time:2024-04-26:12:23:10)
2024-04-26:12:23:11 Branch 2: 349k $   Transferred TO the branch  0. (send_time:2024-04-26:12:23:11)
2024-04-26:12:23:13 Branch 2: 540k $   Transferred TO the branch  1. (send_time:2024-04-26:12:23:13)
2024-04-26:12:23:16 Branch 2: 993k $   Transferred TO the branch  1. (send_time:2024-04-26:12:23:16)
2024-04-26:12:23:18 Branch 2: 991k $   Transferred TO the branch  1. (send_time:2024-04-26:12:23:18)
2024-04-26:12:23:18 Branch 2: 374k $   Transferred TO the branch  0. (send_time:2024-04-26:12:23:18)
2024-04-26:12:23:20 Branch 2: 590k $   Transferred TO the branch  0. (send_time:2024-04-26:12:23:20)
2024-04-26:12:23:20 Branch 2: 294k $   Transferred TO the branch  1. (send_time:2024-04-26:12:23:20)
2024-04-26:12:23:22 Branch 2: 892k $   Transferred TO the branch  1. (send_time:2024-04-26:12:23:22)
2024-04-26:12:23:22 Branch 2: 694k $   Transferred TO the branch  0. (send_time:2024-04-26:12:23:22)
2024-04-26:12:23:23 Branch 2: 504k $   Transferred TO the branch  1. (send_time:2024-04-26:12:23:23)
2024-04-26:12:23:24 Branch 2: 412k $   Transferred TO the branch  0. (send_time:2024-04-26:12:23:24)
2024-04-26:12:23:25 Branch 2: 274k $   Transferred TO the branch  1. (send_time:2024-04-26:12:23:25)
2024-04-26:12:23:26 Branch 2: 33k $   Transferred TO the branch  1. (send_time:2024-04-26:12:23:26)
2024-04-26:12:23:28 Branch 2: 490k $   Transferred TO the branch  0. (send_time:2024-04-26:12:23:28)
2024-04-26:12:23:30 Branch 2: 389k $   Transferred TO the branch  1. (send_time:2024-04-26:12:23:30)
2024-04-26:12:23:30 Branch 2: 694k $   Transferred TO the branch  0. (send_time:2024-04-26:12:23:30)
2024-04-26:12:23:31 Branch 2: 596k $   Transferred TO the branch  1. (send_time:2024-04-26:12:23:31)
2024-04-26:12:23:33 Branch 2: 362k $   Transferred TO the branch  1. (send_time:2024-04-26:12:23:33)
2024-04-26:12:23:36 Branch 2: 661k $   Transferred TO the branch  0. (send_time:2024-04-26:12:23:36)
2024-04-26:12:23:38 Branch 2: 476k $   Transferred TO the branch  0. (send_time:2024-04-26:12:23:38)
2024-04-26:12:23:39 Branch 2: 346k $   Transferred TO the branch  0. (send_time:2024-04-26:12:23:39)
2024-04-26:12:23:40 Branch 2: 546k $   Transferred TO the branch  0. (send_time:2024-04-26:12:23:40)
2024-04-26:12:23:41 Branch 2: 1k $   Transferred TO the branch  1. (send_time:2024-04-26:12:23:41)
2024-04-26:12:23:43 Branch 2: 172k $   Transferred TO the branch  0. (send_time:2024-04-26:12:23:43)
2024-04-26:12:23:44 Branch 2: 234k $   Transferred TO the branch  1. (send_time:2024-04-26:12:23:44)
2024-04-26:12:23:45 Branch 2: 144k $   Transferred TO the branch  0. (send_time:2024-04-26:12:23:45)
2024-04-26:12:23:47 Branch 2: 907k $   Transferred TO the branch  0. (send_time:2024-04-26:12:23:47)
2024-04-26:12:23:47 Branch 2: 59k $   Transferred TO the branch  1. (send_time:2024-04-26:12:23:47)
2024-04-26:12:23:48 Branch 2: 884k $   Transferred TO the branch  0. (send_time:2024-04-26:12:23:48)
2024-04-26:12:23:49 Branch 2: 888k $   Transferred TO the branch  0. (send_time:2024-04-26:12:23:49)
2024-04-26:12:23:50 Branch 2: 320k $   Transferred TO the branch  1. (send_time:2024-04-26:12:23:50)
2024-04-26:12:23:51 Branch 0 has just sent its local snapshot.
2024-04-26:12:23:51 Branch 2: 624k $   Transferred TO the branch  0. (send_time:2024-04-26:12:23:51)
2024-04-26:12:23:51 Branch 2: 811k $   Transferred TO the branch  1. (send_time:2024-04-26:12:23:51)
2024-04-26:12:23:53 Branch 2: 11k $   Transferred TO the branch  0. (send_time:2024-04-26:12:23:53)
2024-04-26:12:23:54 Branch 2: 284k $   Transferred TO the branch  1. (send_time:2024-04-26:12:23:54)
2024-04-26:12:23:54 Branch 2: 596k $   Transferred TO the branch  0. (send_time:2024-04-26:12:23:54)
2024-04-26:12:23:54 Branch 1 has just sent its local snapshot.
2024-04-26:12:23:56 Branch 2: 646k $   Transferred TO the branch  1. (send_time:2024-04-26:12:23:56)
2024-04-26:12:23:56 Branch 2: 102k $   Transferred TO the branch  0. (send_time:2024-04-26:12:23:56)
2024-04-26:12:23:56 Initiating a snapshot.
2024-04-26:12:23:56 Sent marker TO 0
2024-04-26:12:23:57 Sent marker TO 1
2024-04-26:12:23:57 Branch 2: 153k $   Transferred TO the branch  1. (send_time:2024-04-26:12:23:57)
2024-04-26:12:23:58 Branch 2: 970k $   Transferred TO the branch  0. (send_time:2024-04-26:12:23:58)
2024-04-26:12:23:59 Branch 2: 576k $   Transferred TO the branch  0. (send_time:2024-04-26:12:23:59)
2024-04-26:12:24:00 Branch 2: 997k $   Transferred TO the branch  1. (send_time:2024-04-26:12:24:00)
2024-04-26:12:24:03 Branch 2: 811k $   Transferred TO the branch  0. (send_time:2024-04-26:12:24:03)
2024-04-26:12:24:03 Branch 2: 430k $   Transferred TO the branch  1. (send_time:2024-04-26:12:24:03)
2024-04-26:12:24:05 Branch 2: 304k $   Transferred TO the branch  0. (send_time:2024-04-26:12:24:05)
2024-04-26:12:24:06 Branch 2: 108k $   Transferred TO the branch  1. (send_time:2024-04-26:12:24:06)
2024-04-26:12:24:07 Branch 2: 153k $   Transferred TO the branch  0. (send_time:2024-04-26:12:24:07)
2024-04-26:12:24:10 Branch 2: 894k $   Transferred TO the branch  1. (send_time:2024-04-26:12:24:10)
2024-04-26:12:24:10 Branch 2: 746k $   Transferred TO the branch  0. (send_time:2024-04-26:12:24:10)
2024-04-26:12:24:12 Branch 2: 451k $   Transferred TO the branch  0. (send_time:2024-04-26:12:24:12)
2024-04-26:12:24:12 Branch 2: 917k $   Transferred TO the branch  1. (send_time:2024-04-26:12:24:12)
2024-04-26:12:24:15 Branch 2: 146k $   Transferred TO the branch  1. (send_time:2024-04-26:12:24:15)
2024-04-26:12:24:16 Branch 2: 581k $   Transferred TO the branch  0. (send_time:2024-04-26:12:24:16)
2024-04-26:12:24:18 Branch 2: 939k $   Transferred TO the branch  0. (send_time:2024-04-26:12:24:18)
2024-04-26:12:24:19 Branch 2: 39k $   Transferred TO the branch  1. (send_time:2024-04-26:12:24:19)
2024-04-26:12:24:20 Branch 2: 227k $   Transferred TO the branch  0. (send_time:2024-04-26:12:24:20)
2024-04-26:12:24:22 Branch 2: 240k $   Transferred TO the branch  0. (send_time:2024-04-26:12:24:22)
2024-04-26:12:24:22 Branch 2: 102k $   Transferred TO the branch  1. (send_time:2024-04-26:12:24:22)
2024-04-26:12:24:23 Branch 2: 194k $   Transferred TO the branch  1. (send_time:2024-04-26:12:24:23)
2024-04-26:12:24:25 Branch 2: 623k $   Transferred TO the branch  1. (send_time:2024-04-26:12:24:25)
2024-04-26:12:24:26 Branch 2: 609k $   Transferred TO the branch  1. (send_time:2024-04-26:12:24:26)
2024-04-26:12:24:26 Branch 2: 490k $   Transferred TO the branch  0. (send_time:2024-04-26:12:24:26)
2024-04-26:12:24:28 Branch 2: 889k $   Transferred TO the branch  1. (send_time:2024-04-26:12:24:28)
2024-04-26:12:24:29 Branch 2: 155k $   Transferred TO the branch  0. (send_time:2024-04-26:12:24:29)
2024-04-26:12:24:29 Branch 2: 984k $   Transferred TO the branch  1. (send_time:2024-04-26:12:24:29)
2024-04-26:12:24:34 Branch 2: 454k $   Transferred TO the branch  1. (send_time:2024-04-26:12:24:34)
2024-04-26:12:24:36 Branch 2: 503k $   Transferred TO the branch  1. (send_time:2024-04-26:12:24:36)
2024-04-26:12:24:37 Branch 2: 755k $   Transferred TO the branch  0. (send_time:2024-04-26:12:24:37)
2024-04-26:12:24:38 Branch 2: 482k $   Transferred TO the branch  1. (send_time:2024-04-26:12:24:38)
2024-04-26:12:24:39 Branch 2: 735k $   Transferred TO the branch  1. (send_time:2024-04-26:12:24:39)
2024-04-26:12:24:42 Branch 2: 444k $   Transferred TO the branch  0. (send_time:2024-04-26:12:24:42)
2024-04-26:12:24:43 Branch 2: 103k $   Transferred TO the branch  1. (send_time:2024-04-26:12:24:42)
2024-04-26:12:24:44 Branch 2: 729k $   Transferred TO the branch  1. (send_time:2024-04-26:12:24:44)
2024-04-26:12:24:45 Branch 2: 790k $   Transferred TO the branch  1. (send_time:2024-04-26:12:24:45)
2024-04-26:12:24:47 Branch 2: 596k $   Transferred TO the branch  0. (send_time:2024-04-26:12:24:47)
2024-04-26:12:24:48 Branch 2: 262k $   Transferred TO the branch  0. (send_time:2024-04-26:12:24:48)
2024-04-26:12:24:48 Branch 2: 900k $   Transferred TO the branch  1. (send_time:2024-04-26:12:24:48)
2024-04-26:12:24:49 Branch 2: 453k $   Transferred TO the branch  0. (send_time:2024-04-26:12:24:49)
2024-04-26:12:24:50 Branch 2: 531k $   Transferred TO the branch  1. (send_time:2024-04-26:12:24:50)
2024-04-26:12:24:51 Branch 2: 609k $   Transferred TO the branch  1. (send_time:2024-04-26:12:24:51)
2024-04-26:12:24:52 Branch 2: 617k $   Transferred TO the branch  1. (send_time:2024-04-26:12:24:52)
2024-04-26:12:24:53 Branch 2: 904k $   Transferred TO the branch  0. (send_time:2024-04-26:12:24:53)
2024-04-26:12:24:54 Branch 2: 107k $   Transferred TO the branch  1. (send_time:2024-04-26:12:24:53)
2024-04-26:12:24:55 Branch 2: 614k $   Transferred TO the branch  0. (send_time:2024-04-26:12:24:55)
2024-04-26:12:24:55 Branch 2: 650k $   Transferred TO the branch  1. (send_time:2024-04-26:12:24:55)
2024-04-26:12:24:56 Branch 0 has just sent its local snapshot.
2024-04-26:12:24:57 Branch 2: 752k $   Transferred TO the branch  1. (send_time:2024-04-26:12:24:57)
2024-04-26:12:24:57 Branch 2: 926k $   Transferred TO the branch  0. (send_time:2024-04-26:12:24:57)
2024-04-26:12:24:59 Branch 2: 611k $   Transferred TO the branch  0. (send_time:2024-04-26:12:24:59)
2024-04-26:12:25:00 Branch 2: 127k $   Transferred TO the branch  1. (send_time:2024-04-26:12:25:00)
2024-04-26:12:25:01 Branch 2: 460k $   Transferred TO the branch  0. (send_time:2024-04-26:12:25:01)
2024-04-26:12:25:01 Branch 2: 794k $   Transferred TO the branch  1. (send_time:2024-04-26:12:25:01)
2024-04-26:12:25:02 Branch 2: 269k $   Transferred TO the branch  1. (send_time:2024-04-26:12:25:02)
2024-04-26:12:25:03 Branch 2: 814k $   Transferred TO the branch  0. (send_time:2024-04-26:12:25:03)
2024-04-26:12:25:04 Branch 2: 188k $   Transferred TO the branch  1. (send_time:2024-04-26:12:25:04)
2024-04-26:12:25:04 Branch 2: 601k $   Transferred TO the branch  0. (send_time:2024-04-26:12:25:04)
2024-04-26:12:25:05 Branch 2: 698k $   Transferred TO the branch  1. (send_time:2024-04-26:12:25:05)
2024-04-26:12:25:05 Branch 2: 846k $   Transferred TO the branch  0. (send_time:2024-04-26:12:25:05)
2024-04-26:12:25:07 Branch 2: 765k $   Transferred TO the branch  0. (send_time:2024-04-26:12:25:07)
2024-04-26:12:25:08 Branch 2: 375k $   Transferred TO the branch  1. (send_time:2024-04-26:12:25:08)
2024-04-26:12:25:09 Branch 2: 651k $   Transferred TO the branch  0. (send_time:2024-04-26:12:25:09)
2024-04-26:12:25:10 Branch 2: 164k $   Transferred TO the branch  0. (send_time:2024-04-26:12:25:10)
2024-04-26:12:25:11 Branch 2: 894k $   Transferred TO the branch  1. (send_time:2024-04-26:12:25:11)
2024-04-26:12:25:13 Branch 2: 723k $   Transferred TO the branch  1. (send_time:2024-04-26:12:25:13)
2024-04-26:12:25:14 Branch 2: 815k $   Transferred TO the branch  0. (send_time:2024-04-26:12:25:14)
2024-04-26:12:25:16 Branch 2: 501k $   Transferred TO the branch  1. (send_time:2024-04-26:12:25:16)
2024-04-26:12:25:17 Branch 2: 297k $   Transferred TO the branch  0. (send_time:2024-04-26:12:25:17)
2024-04-26:12:25:19 Branch 2: 883k $   Transferred TO the branch  1. (send_time:2024-04-26:12:25:19)
2024-04-26:12:25:19 Branch 2: 549k $   Transferred TO the branch  0. (send_time:2024-04-26:12:25:19)
2024-04-26:12:25:20 Branch 2: 790k $   Transferred TO the branch  0. (send_time:2024-04-26:12:25:20)
2024-04-26:12:25:21 Branch 2: 574k $   Transferred TO the branch  1. (send_time:2024-04-26:12:25:21)
2024-04-26:12:25:21 Branch 2: 63k $   Transferred TO the branch  0. (send_time:2024-04-26:12:25:21)
2024-04-26:12:25:23 Branch 2: 921k $   Transferred TO the branch  1. (send_time:2024-04-26:12:25:23)
2024-04-26:12:25:24 Branch 2: 705k $   Transferred TO the branch  0. (send_time:2024-04-26:12:25:24)
2024-04-26:12:25:26 Branch 2: 655k $   Transferred TO the branch  0. (send_time:2024-04-26:12:25:26)
2024-04-26:12:25:27 Branch 2: 752k $   Transferred TO the branch  0. (send_time:2024-04-26:12:25:27)
2024-04-26:12:25:28 Branch 2: 840k $   Transferred TO the branch  1. (send_time:2024-04-26:12:25:28)
2024-04-26:12:25:29 Branch 2: 493k $   Transferred TO the branch  1. (send_time:2024-04-26:12:25:29)
2024-04-26:12:25:30 Branch 2: 677k $   Transferred TO the branch  0. (send_time:2024-04-26:12:25:30)
2024-04-26:12:25:32 Branch 2: 998k $   Transferred TO the branch  0. (send_time:2024-04-26:12:25:32)
2024-04-26:12:25:34 Branch 2: 297k $   Transferred TO the branch  0. (send_time:2024-04-26:12:25:34)
2024-04-26:12:25:34 Branch 2: 434k $   Transferred TO the branch  1. (send_time:2024-04-26:12:25:34)
2024-04-26:12:25:35 Branch 2: 940k $   Transferred TO the branch  0. (send_time:2024-04-26:12:25:35)
2024-04-26:12:25:35 Branch 2: 813k $   Transferred TO the branch  1. (send_time:2024-04-26:12:25:35)
2024-04-26:12:25:37 Branch 2: 895k $   Transferred TO the branch  0. (send_time:2024-04-26:12:25:37)
2024-04-26:12:25:37 Branch 2: 814k $   Transferred TO the branch  1. (send_time:2024-04-26:12:25:37)
2024-04-26:12:25:38 Branch 2: 466k $   Transferred TO the branch  1. (send_time:2024-04-26:12:25:38)
2024-04-26:12:25:38 Branch 2: 269k $   Transferred TO the branch  0. (send_time:2024-04-26:12:25:38)
2024-04-26:12:25:40 Branch 2: 552k $   Transferred TO the branch  1. (send_time:2024-04-26:12:25:40)
2024-04-26:12:25:40 Branch 2: 506k $   Transferred TO the branch  0. (send_time:2024-04-26:12:25:40)
2024-04-26:12:25:42 Branch 2: 64k $   Transferred TO the branch  1. (send_time:2024-04-26:12:25:42)
2024-04-26:12:25:42 Branch 2: 546k $   Transferred TO the branch  0. (send_time:2024-04-26:12:25:42)
2024-04-26:12:25:43 Branch 1 has just sent its local snapshot.
2024-04-26:12:25:43 Branch 2: 630k $   Transferred TO the branch  1. (send_time:2024-04-26:12:25:43)
2024-04-26:12:25:43 Branch 2: 237k $   Transferred TO the branch  0. (send_time:2024-04-26:12:25:43)
2024-04-26:12:25:44 Branch 2: 843k $   Transferred TO the branch  1. (send_time:2024-04-26:12:25:44)
2024-04-26:12:25:45 Initiating a snapshot.
2024-04-26:12:25:45 Sent marker TO 0
2024-04-26:12:25:45 Sent marker TO 1
2024-04-26:12:25:45 Branch 2: 836k $   Transferred TO the branch  0. (send_time:2024-04-26:12:25:45)
2024-04-26:12:25:46 Branch 2: 498k $   Transferred TO the branch  1. (send_time:2024-04-26:12:25:46)
2024-04-26:12:25:49 Branch 2: 651k $   Transferred TO the branch  1. (send_time:2024-04-26:12:25:49)
2024-04-26:12:25:52 Branch 2: 134k $   Transferred TO the branch  0. (send_time:2024-04-26:12:25:51)
2024-04-26:12:25:56 Branch 2: 537k $   Transferred TO the branch  0. (send_time:2024-04-26:12:25:55)
2024-04-26:12:25:58 Branch 2: 496k $   Transferred TO the branch  1. (send_time:2024-04-26:12:25:58)
2024-04-26:12:25:59 Branch 2: 940k $   Transferred TO the branch  0. (send_time:2024-04-26:12:25:59)
2024-04-26:12:25:59 Branch 2: 261k $   Transferred TO the branch  1. (send_time:2024-04-26:12:25:59)
2024-04-26:12:26:00 Branch 2: 646k $   Transferred TO the branch  1. (send_time:2024-04-26:12:26:00)
2024-04-26:12:26:01 Branch 2: 199k $   Transferred TO the branch  0. (send_time:2024-04-26:12:26:01)
2024-04-26:12:26:03 Branch 2: 637k $   Transferred TO the branch  0. (send_time:2024-04-26:12:26:03)
2024-04-26:12:26:04 Branch 2: 233k $   Transferred TO the branch  1. (send_time:2024-04-26:12:26:04)
2024-04-26:12:26:05 Branch 2: 193k $   Transferred TO the branch  0. (send_time:2024-04-26:12:26:05)
2024-04-26:12:26:06 Branch 2: 434k $   Transferred TO the branch  1. (send_time:2024-04-26:12:26:06)
2024-04-26:12:26:08 Branch 2: 607k $   Transferred TO the branch  1. (send_time:2024-04-26:12:26:08)
2024-04-26:12:26:11 Branch 2: 519k $   Transferred TO the branch  1. (send_time:2024-04-26:12:26:11)
2024-04-26:12:26:11 Branch 2: 164k $   Transferred TO the branch  0. (send_time:2024-04-26:12:26:11)
2024-04-26:12:26:12 Branch 2: 39k $   Transferred TO the branch  1. (send_time:2024-04-26:12:26:12)
2024-04-26:12:26:14 Branch 2: 979k $   Transferred TO the branch  0. (send_time:2024-04-26:12:26:14)
2024-04-26:12:26:16 Branch 2: 26k $   Transferred TO the branch  1. (send_time:2024-04-26:12:26:15)
2024-04-26:12:26:17 Branch 2: 376k $   Transferred TO the branch  1. (send_time:2024-04-26:12:26:17)
2024-04-26:12:26:17 Branch 2: 85k $   Transferred TO the branch  0. (send_time:2024-04-26:12:26:17)
2024-04-26:12:26:19 Branch 2: 628k $   Transferred TO the branch  0. (send_time:2024-04-26:12:26:19)
2024-04-26:12:26:20 Branch 2: 332k $   Transferred TO the branch  1. (send_time:2024-04-26:12:26:20)
2024-04-26:12:26:21 Branch 2: 269k $   Transferred TO the branch  1. (send_time:2024-04-26:12:26:21)
2024-04-26:12:26:22 Branch 2: 582k $   Transferred TO the branch  0. (send_time:2024-04-26:12:26:21)
2024-04-26:12:26:23 Branch 2: 393k $   Transferred TO the branch  1. (send_time:2024-04-26:12:26:23)
2024-04-26:12:26:23 Branch 2: 236k $   Transferred TO the branch  0. (send_time:2024-04-26:12:26:23)
2024-04-26:12:26:25 Branch 2: 433k $   Transferred TO the branch  1. (send_time:2024-04-26:12:26:25)
2024-04-26:12:26:26 Branch 2: 687k $   Transferred TO the branch  0. (send_time:2024-04-26:12:26:26)
2024-04-26:12:26:29 Branch 2: 514k $   Transferred TO the branch  0. (send_time:2024-04-26:12:26:29)
2024-04-26:12:26:31 Branch 2: 467k $   Transferred TO the branch  0. (send_time:2024-04-26:12:26:31)
2024-04-26:12:26:32 Branch 2: 270k $   Transferred TO the branch  1. (send_time:2024-04-26:12:26:31)
2024-04-26:12:26:33 Branch 2: 646k $   Transferred TO the branch  0. (send_time:2024-04-26:12:26:33)
2024-04-26:12:26:33 Branch 2: 274k $   Transferred TO the branch  1. (send_time:2024-04-26:12:26:33)
2024-04-26:12:26:35 Branch 2: 677k $   Transferred TO the branch  1. (send_time:2024-04-26:12:26:35)
2024-04-26:12:26:34 Branch 2: 587k $   Transferred TO the branch  0. (send_time:2024-04-26:12:26:34)
2024-04-26:12:26:37 Branch 2: 628k $   Transferred TO the branch  1. (send_time:2024-04-26:12:26:37)
2024-04-26:12:26:38 Branch 2: 749k $   Transferred TO the branch  0. (send_time:2024-04-26:12:26:38)
2024-04-26:12:26:39 Branch 2: 801k $   Transferred TO the branch  1. (send_time:2024-04-26:12:26:38)
2024-04-26:12:26:40 Branch 2: 625k $   Transferred TO the branch  0. (send_time:2024-04-26:12:26:39)
2024-04-26:12:26:42 Branch 2: 116k $   Transferred TO the branch  1. (send_time:2024-04-26:12:26:42)
2024-04-26:12:26:42 Branch 2: 708k $   Transferred TO the branch  0. (send_time:2024-04-26:12:26:42)
2024-04-26:12:26:44 Branch 2: 156k $   Transferred TO the branch  1. (send_time:2024-04-26:12:26:43)
2024-04-26:12:26:45 Branch 2: 911k $   Transferred TO the branch  1. (send_time:2024-04-26:12:26:45)
2024-04-26:12:26:46 Branch 2: 11k $   Transferred TO the branch  1. (send_time:2024-04-26:12:26:46)
2024-04-26:12:26:47 Branch 2: 740k $   Transferred TO the branch  1. (send_time:2024-04-26:12:26:47)
2024-04-26:12:26:48 Branch 2: 721k $   Transferred TO the branch  0. (send_time:2024-04-26:12:26:48)
2024-04-26:12:26:49 Branch 2: 311k $   Transferred TO the branch  1. (send_time:2024-04-26:12:26:49)
2024-04-26:12:26:50 Branch 2: 331k $   Transferred TO the branch  0. (send_time:2024-04-26:12:26:50)
2024-04-26:12:26:51 Branch 2: 565k $   Transferred TO the branch  1. (send_time:2024-04-26:12:26:51)
2024-04-26:12:26:52 Branch 2: 410k $   Transferred TO the branch  1. (send_time:2024-04-26:12:26:52)
2024-04-26:12:26:54 Branch 2: 696k $   Transferred TO the branch  1. (send_time:2024-04-26:12:26:54)
2024-04-26:12:26:54 Branch 2: 825k $   Transferred TO the branch  0. (send_time:2024-04-26:12:26:54)
2024-04-26:12:26:55 Branch 2: 783k $   Transferred TO the branch  1. (send_time:2024-04-26:12:26:55)
2024-04-26:12:26:56 Branch 2: 649k $   Transferred TO the branch  0. (send_time:2024-04-26:12:26:56)
2024-04-26:12:26:58 Branch 2: 493k $   Transferred TO the branch  1. (send_time:2024-04-26:12:26:58)
2024-04-26:12:26:58 Branch 2: 593k $   Transferred TO the branch  0. (send_time:2024-04-26:12:26:58)
2024-04-26:12:27:00 Branch 2: 633k $   Transferred TO the branch  1. (send_time:2024-04-26:12:27:00)
2024-04-26:12:27:00 Branch 2: 677k $   Transferred TO the branch  0. (send_time:2024-04-26:12:27:00)
2024-04-26:12:27:01 Branch 2: 400k $   Transferred TO the branch  1. (send_time:2024-04-26:12:27:01)
2024-04-26:12:27:02 Branch 2: 821k $   Transferred TO the branch  0. (send_time:2024-04-26:12:27:02)
2024-04-26:12:27:03 Branch 2: 462k $   Transferred TO the branch  0. (send_time:2024-04-26:12:27:03)
2024-04-26:12:27:04 Branch 2: 799k $   Transferred TO the branch  0. (send_time:2024-04-26:12:27:04)
2024-04-26:12:27:05 Branch 2: 417k $   Transferred TO the branch  1. (send_time:2024-04-26:12:27:05)
2024-04-26:12:27:06 Branch 2: 23k $   Transferred TO the branch  0. (send_time:2024-04-26:12:27:06)
2024-04-26:12:27:07 Branch 2: 350k $   Transferred TO the branch  1. (send_time:2024-04-26:12:27:07)
2024-04-26:12:27:07 Branch 2: 613k $   Transferred TO the branch  0. (send_time:2024-04-26:12:27:07)
2024-04-26:12:27:08 Branch 2: 415k $   Transferred TO the branch  1. (send_time:2024-04-26:12:27:08)
2024-04-26:12:27:08 Branch 2: 736k $   Transferred TO the branch  0. (send_time:2024-04-26:12:27:08)
2024-04-26:12:27:12 Branch 2: 360k $   Transferred TO the branch  0. (send_time:2024-04-26:12:27:12)
2024-04-26:12:27:12 Branch 2: 925k $   Transferred TO the branch  1. (send_time:2024-04-26:12:27:12)
2024-04-26:12:27:14 Branch 2: 877k $   Transferred TO the branch  0. (send_time:2024-04-26:12:27:14)
2024-04-26:12:27:14 Branch 2: 878k $   Transferred TO the branch  1. (send_time:2024-04-26:12:27:14)
2024-04-26:12:27:15 Branch 2: 746k $   Transferred TO the branch  1. (send_time:2024-04-26:12:27:15)
2024-04-26:12:27:16 Branch 2: 32k $   Transferred TO the branch  0. (send_time:2024-04-26:12:27:16)
2024-04-26:12:27:16 Branch 2: 424k $   Transferred TO the branch  1. (send_time:2024-04-26:12:27:16)
2024-04-26:12:27:18 Branch 2: 256k $   Transferred TO the branch  1. (send_time:2024-04-26:12:27:18)
2024-04-26:12:27:18 Branch 2: 211k $   Transferred TO the branch  0. (send_time:2024-04-26:12:27:18)
2024-04-26:12:27:19 Branch 2: 785k $   Transferred TO the branch  0. (send_time:2024-04-26:12:27:19)
2024-04-26:12:27:20 Branch 2: 636k $   Transferred TO the branch  1. (send_time:2024-04-26:12:27:20)
2024-04-26:12:27:20 Branch 2: 8k $   Transferred TO the branch  0. (send_time:2024-04-26:12:27:20)
2024-04-26:12:27:21 Branch 2: 452k $   Transferred TO the branch  1. (send_time:2024-04-26:12:27:21)
2024-04-26:12:27:22 Branch 2: 865k $   Transferred TO the branch  1. (send_time:2024-04-26:12:27:22)
2024-04-26:12:27:24 Branch 2: 6k $   Transferred TO the branch  1. (send_time:2024-04-26:12:27:24)
2024-04-26:12:27:25 Branch 2: 80k $   Transferred TO the branch  0. (send_time:2024-04-26:12:27:25)
2024-04-26:12:27:26 Branch 2: 893k $   Transferred TO the branch  1. (send_time:2024-04-26:12:27:26)
2024-04-26:12:27:27 Branch 2: 126k $   Transferred TO the branch  0. (send_time:2024-04-26:12:27:27)
2024-04-26:12:27:28 Branch 2: 798k $   Transferred TO the branch  1. (send_time:2024-04-26:12:27:28)
2024-04-26:12:27:29 Branch 2: 56k $   Transferred TO the branch  0. (send_time:2024-04-26:12:27:29)
2024-04-26:12:27:30 Branch 2: 207k $   Transferred TO the branch  1. (send_time:2024-04-26:12:27:30)
2024-04-26:12:27:30 Branch 0 has just sent its local snapshot.
2024-04-26:12:27:31 Branch 2: 988k $   Transferred TO the branch  0. (send_time:2024-04-26:12:27:31)
2024-04-26:12:27:32 Branch 2: 606k $   Transferred TO the branch  1. (send_time:2024-04-26:12:27:32)
2024-04-26:12:27:33 Branch 2: 527k $   Transferred TO the branch  1. (send_time:2024-04-26:12:27:33)
2024-04-26:12:27:34 Branch 2: 591k $   Transferred TO the branch  0. (send_time:2024-04-26:12:27:34)
2024-04-26:12:27:35 Branch 2: 133k $   Transferred TO the branch  1. (send_time:2024-04-26:12:27:35)
2024-04-26:12:27:37 Branch 2: 130k $   Transferred TO the branch  1. (send_time:2024-04-26:12:27:37)
2024-04-26:12:27:37 Branch 2: 861k $   Transferred TO the branch  0. (send_time:2024-04-26:12:27:37)
2024-04-26:12:27:38 Branch 2: 948k $   Transferred TO the branch  1. (send_time:2024-04-26:12:27:38)
2024-04-26:12:27:38 Branch 2: 294k $   Transferred TO the branch  0. (send_time:2024-04-26:12:27:38)
2024-04-26:12:27:39 Branch 2: 732k $   Transferred TO the branch  1. (send_time:2024-04-26:12:27:39)
2024-04-26:12:27:40 Branch 2: 920k $   Transferred TO the branch  0. (send_time:2024-04-26:12:27:40)
2024-04-26:12:27:42 Branch 2: 431k $   Transferred TO the branch  0. (send_time:2024-04-26:12:27:42)
2024-04-26:12:27:43 Branch 2: 261k $   Transferred TO the branch  1. (send_time:2024-04-26:12:27:43)
2024-04-26:12:27:45 Branch 2: 772k $   Transferred TO the branch  1. (send_time:2024-04-26:12:27:45)
2024-04-26:12:27:45 Branch 2: 84k $   Transferred TO the branch  0. (send_time:2024-04-26:12:27:45)
2024-04-26:12:27:46 Branch 2: 865k $   Transferred TO the branch  0. (send_time:2024-04-26:12:27:46)
2024-04-26:12:27:46 Branch 2: 896k $   Transferred TO the branch  1. (send_time:2024-04-26:12:27:46)
2024-04-26:12:27:48 Branch 2: 203k $   Transferred TO the branch  0. (send_time:2024-04-26:12:27:48)
2024-04-26:12:27:50 Branch 2: 60k $   Transferred TO the branch  1. (send_time:2024-04-26:12:27:50)
2024-04-26:12:27:52 Branch 2: 519k $   Transferred TO the branch  0. (send_time:2024-04-26:12:27:52)
2024-04-26:12:27:53 Branch 2: 187k $   Transferred TO the branch  1. (send_time:2024-04-26:12:27:53)
2024-04-26:12:27:55 Branch 2: 537k $   Transferred TO the branch  0. (send_time:2024-04-26:12:27:55)
2024-04-26:12:27:55 Branch 2: 764k $   Transferred TO the branch  1. (send_time:2024-04-26:12:27:55)
2024-04-26:12:27:57 Branch 2: 947k $   Transferred TO the branch  1. (send_time:2024-04-26:12:27:57)
2024-04-26:12:27:58 Branch 2: 505k $   Transferred TO the branch  0. (send_time:2024-04-26:12:27:58)
2024-04-26:12:27:59 Branch 2: 806k $   Transferred TO the branch  0. (send_time:2024-04-26:12:27:59)
2024-04-26:12:28:00 Branch 2: 337k $   Transferred TO the branch  0. (send_time:2024-04-26:12:28:00)
2024-04-26:12:28:02 Branch 2: 745k $   Transferred TO the branch  1. (send_time:2024-04-26:12:28:02)
2024-04-26:12:28:05 Branch 2: 597k $   Transferred TO the branch  0. (send_time:2024-04-26:12:28:05)
2024-04-26:12:28:08 Branch 2: 385k $   Transferred TO the branch  1. (send_time:2024-04-26:12:28:08)
2024-04-26:12:28:10 Branch 2: 988k $   Transferred TO the branch  1. (send_time:2024-04-26:12:28:10)
2024-04-26:12:28:12 Branch 2: 948k $   Transferred TO the branch  1. (send_time:2024-04-26:12:28:12)
2024-04-26:12:28:12 Branch 2: 744k $   Transferred TO the branch  0. (send_time:2024-04-26:12:28:12)
2024-04-26:12:28:13 Branch 2: 454k $   Transferred TO the branch  1. (send_time:2024-04-26:12:28:13)
2024-04-26:12:28:15 Branch 2: 647k $   Transferred TO the branch  0. (send_time:2024-04-26:12:28:15)
2024-04-26:12:28:16 Branch 2: 558k $   Transferred TO the branch  1. (send_time:2024-04-26:12:28:16)
2024-04-26:12:28:17 Branch 2: 131k $   Transferred TO the branch  1. (send_time:2024-04-26:12:28:17)
2024-04-26:12:28:19 Branch 2: 994k $   Transferred TO the branch  1. (send_time:2024-04-26:12:28:19)
2024-04-26:12:28:20 Branch 2: 441k $   Transferred TO the branch  0. (send_time:2024-04-26:12:28:20)
2024-04-26:12:28:20 Branch 2: 84k $   Transferred TO the branch  1. (send_time:2024-04-26:12:28:20)
2024-04-26:12:28:21 Branch 2: 369k $   Transferred TO the branch  0. (send_time:2024-04-26:12:28:21)
