2024-04-26:12:22:38 BRANCH 1 LOG

2024-04-26:12:22:41 Branch 1: 213k $   Transferred TO the branch  2. (send_time:2024-04-26:12:22:41)
2024-04-26:12:22:41 Branch 1: 785k $   Transferred TO the branch  0. (send_time:2024-04-26:12:22:41)
2024-04-26:12:22:42 Branch 1: 281k $   Transferred TO the branch  0. (send_time:2024-04-26:12:22:42)
2024-04-26:12:22:44 Branch 1: 897k $   Transferred TO the branch  0. (send_time:2024-04-26:12:22:44)
2024-04-26:12:22:44 Branch 1: 173k $   Transferred TO the branch  2. (send_time:2024-04-26:12:22:44)
2024-04-26:12:22:46 Branch 1: 581k $   Transferred TO the branch  2. (send_time:2024-04-26:12:22:46)
2024-04-26:12:22:47 Branch 1: 780k $   Transferred TO the branch  2. (send_time:2024-04-26:12:22:47)
2024-04-26:12:22:49 Branch 1: 166k $   Transferred TO the branch  0. (send_time:2024-04-26:12:22:49)
2024-04-26:12:22:50 Branch 1: 872k $   Transferred TO the branch  2. (send_time:2024-04-26:12:22:50)
2024-04-26:12:22:50 Branch 2 has sent a snapshot request. (Initiator: Branch 2)
2024-04-26:12:22:50 Sent marker TO 0
2024-04-26:12:22:50 Sent marker TO 2
2024-04-26:12:22:51 Branch 1: 476k $   Transferred TO the branch  2. (send_time:2024-04-26:12:22:51)
2024-04-26:12:22:52 Branch 1: 339k $   Transferred TO the branch  0. (send_time:2024-04-26:12:22:52)
2024-04-26:12:22:52 Branch 1: 172k $   Transferred TO the branch  2. (send_time:2024-04-26:12:22:52)
2024-04-26:12:22:53 Branch 1: 917k $   Transferred TO the branch  2. (send_time:2024-04-26:12:22:53)
2024-04-26:12:22:54 Branch 1: 865k $   Transferred TO the branch  0. (send_time:2024-04-26:12:22:54)
2024-04-26:12:22:57 Branch 1: 247k $   Transferred TO the branch  0. (send_time:2024-04-26:12:22:57)
2024-04-26:12:22:58 Branch 1: 885k $   Transferred TO the branch  2. (send_time:2024-04-26:12:22:58)
2024-04-26:12:22:59 Branch 1: 888k $   Transferred TO the branch  2. (send_time:2024-04-26:12:22:59)
2024-04-26:12:23:01 Branch 1: 210k $   Transferred TO the branch  2. (send_time:2024-04-26:12:23:01)
2024-04-26:12:23:03 Branch 1: 63k $   Transferred TO the branch  0. (send_time:2024-04-26:12:23:03)
2024-04-26:12:23:04 Branch 1: 3k $   Transferred TO the branch  2. (send_time:2024-04-26:12:23:04)
2024-04-26:12:23:06 Branch 1: 474k $   Transferred TO the branch  0. (send_time:2024-04-26:12:23:06)
2024-04-26:12:23:08 Branch 1: 155k $   Transferred TO the branch  2. (send_time:2024-04-26:12:23:08)
2024-04-26:12:23:09 Branch 1: 562k $   Transferred TO the branch  0. (send_time:2024-04-26:12:23:09)
2024-04-26:12:23:09 Branch 1: 53k $   Transferred TO the branch  2. (send_time:2024-04-26:12:23:09)
2024-04-26:12:23:10 Branch 1: 25k $   Transferred TO the branch  0. (send_time:2024-04-26:12:23:10)
2024-04-26:12:23:10 Branch 1: 800k $   Transferred TO the branch  2. (send_time:2024-04-26:12:23:10)
2024-04-26:12:23:12 Branch 1: 317k $   Transferred TO the branch  0. (send_time:2024-04-26:12:23:12)
2024-04-26:12:23:13 Branch 1: 849k $   Transferred TO the branch  0. (send_time:2024-04-26:12:23:13)
2024-04-26:12:23:15 Branch 1: 112k $   Transferred TO the branch  0. (send_time:2024-04-26:12:23:15)
2024-04-26:12:23:16 Branch 1: 110k $   Transferred TO the branch  2. (send_time:2024-04-26:12:23:16)
2024-04-26:12:23:17 Branch 1: 993k $   Transferred TO the branch  0. (send_time:2024-04-26:12:23:17)
2024-04-26:12:23:18 Branch 1: 785k $   Transferred TO the branch  2. (send_time:2024-04-26:12:23:18)
2024-04-26:12:23:19 Branch 1: 688k $   Transferred TO the branch  2. (send_time:2024-04-26:12:23:19)
2024-04-26:12:23:20 Branch 2 has sent a snapshot request. (Initiator: Branch 2)
2024-04-26:12:23:20 Sent marker TO 0
2024-04-26:12:23:20 Sent marker TO 2
2024-04-26:12:23:23 Branch 1: 487k $   Transferred TO the branch  0. (send_time:2024-04-26:12:23:23)
2024-04-26:12:23:24 Branch 1: 26k $   Transferred TO the branch  2. (send_time:2024-04-26:12:23:24)
2024-04-26:12:23:26 Branch 1: 860k $   Transferred TO the branch  2. (send_time:2024-04-26:12:23:26)
2024-04-26:12:23:27 Branch 1: 191k $   Transferred TO the branch  0. (send_time:2024-04-26:12:23:27)
2024-04-26:12:23:28 Branch 1: 428k $   Transferred TO the branch  2. (send_time:2024-04-26:12:23:28)
2024-04-26:12:23:32 Branch 1: 539k $   Transferred TO the branch  2. (send_time:2024-04-26:12:23:32)
2024-04-26:12:23:34 Branch 1: 612k $   Transferred TO the branch  0. (send_time:2024-04-26:12:23:34)
2024-04-26:12:23:35 Branch 1: 522k $   Transferred TO the branch  0. (send_time:2024-04-26:12:23:35)
2024-04-26:12:23:37 Branch 1: 149k $   Transferred TO the branch  2. (send_time:2024-04-26:12:23:37)
2024-04-26:12:23:39 Branch 1: 282k $   Transferred TO the branch  0. (send_time:2024-04-26:12:23:39)
2024-04-26:12:23:39 Branch 1: 117k $   Transferred TO the branch  2. (send_time:2024-04-26:12:23:39)
2024-04-26:12:23:40 Branch 1: 166k $   Transferred TO the branch  0. (send_time:2024-04-26:12:23:40)
2024-04-26:12:23:42 Branch 1: 948k $   Transferred TO the branch  0. (send_time:2024-04-26:12:23:42)
2024-04-26:12:23:43 Branch 1: 705k $   Transferred TO the branch  2. (send_time:2024-04-26:12:23:43)
2024-04-26:12:23:44 Branch 1: 509k $   Transferred TO the branch  0. (send_time:2024-04-26:12:23:44)
2024-04-26:12:23:44 Branch 1: 624k $   Transferred TO the branch  2. (send_time:2024-04-26:12:23:44)
2024-04-26:12:23:46 Branch 1: 518k $   Transferred TO the branch  2. (send_time:2024-04-26:12:23:45)
2024-04-26:12:23:48 Branch 1: 108k $   Transferred TO the branch  2. (send_time:2024-04-26:12:23:48)
2024-04-26:12:23:51 Branch 1: 350k $   Transferred TO the branch  2. (send_time:2024-04-26:12:23:50)
2024-04-26:12:23:52 Branch 1: 247k $   Transferred TO the branch  0. (send_time:2024-04-26:12:23:51)
2024-04-26:12:23:52 Branch 1: 202k $   Transferred TO the branch  2. (send_time:2024-04-26:12:23:52)
2024-04-26:12:23:53 Branch 1: 338k $   Transferred TO the branch  2. (send_time:2024-04-26:12:23:53)
2024-04-26:12:23:55 Branch 1: 230k $   Transferred TO the branch  0. (send_time:2024-04-26:12:23:55)
2024-04-26:12:23:56 Branch 1: 456k $   Transferred TO the branch  2. (send_time:2024-04-26:12:23:56)
2024-04-26:12:24:01 Branch 1: 362k $   Transferred TO the branch  2. (send_time:2024-04-26:12:24:00)
2024-04-26:12:24:01 Branch 1: 129k $   Transferred TO the branch  0. (send_time:2024-04-26:12:24:01)
2024-04-26:12:24:03 Branch 1: 160k $   Transferred TO the branch  2. (send_time:2024-04-26:12:24:03)
2024-04-26:12:24:03 Branch 1: 266k $   Transferred TO the branch  0. (send_time:2024-04-26:12:24:03)
2024-04-26:12:24:05 Branch 1: 734k $   Transferred TO the branch  2. (send_time:2024-04-26:12:24:05)
2024-04-26:12:24:06 Branch 1: 22k $   Transferred TO the branch  0. (send_time:2024-04-26:12:24:06)
2024-04-26:12:24:08 Branch 1: 161k $   Transferred TO the branch  0. (send_time:2024-04-26:12:24:08)
2024-04-26:12:24:09 Branch 1: 308k $   Transferred TO the branch  2. (send_time:2024-04-26:12:24:09)
2024-04-26:12:24:10 Branch 1: 241k $   Transferred TO the branch  2. (send_time:2024-04-26:12:24:10)
2024-04-26:12:24:11 Branch 1: 385k $   Transferred TO the branch  0. (send_time:2024-04-26:12:24:11)
2024-04-26:12:24:13 Branch 1: 873k $   Transferred TO the branch  2. (send_time:2024-04-26:12:24:13)
2024-04-26:12:24:13 Branch 1: 236k $   Transferred TO the branch  0. (send_time:2024-04-26:12:24:13)
2024-04-26:12:24:16 Branch 1: 940k $   Transferred TO the branch  2. (send_time:2024-04-26:12:24:16)
2024-04-26:12:24:17 Branch 1: 453k $   Transferred TO the branch  0. (send_time:2024-04-26:12:24:17)
2024-04-26:12:24:19 Branch 1: 727k $   Transferred TO the branch  2. (send_time:2024-04-26:12:24:19)
2024-04-26:12:24:23 Branch 1: 780k $   Transferred TO the branch  2. (send_time:2024-04-26:12:24:23)
2024-04-26:12:24:24 Branch 1: 254k $   Transferred TO the branch  0. (send_time:2024-04-26:12:24:24)
2024-04-26:12:24:26 Branch 1: 593k $   Transferred TO the branch  2. (send_time:2024-04-26:12:24:26)
2024-04-26:12:24:27 Branch 2 has sent a snapshot request. (Initiator: Branch 2)
2024-04-26:12:24:27 Sent marker TO 0
2024-04-26:12:24:27 Sent marker TO 2
2024-04-26:12:24:27 Branch 1: 797k $   Transferred TO the branch  2. (send_time:2024-04-26:12:24:27)
2024-04-26:12:24:31 Branch 1: 772k $   Transferred TO the branch  0. (send_time:2024-04-26:12:24:31)
2024-04-26:12:24:33 Branch 1: 195k $   Transferred TO the branch  2. (send_time:2024-04-26:12:24:33)
2024-04-26:12:24:34 Branch 1: 566k $   Transferred TO the branch  0. (send_time:2024-04-26:12:24:34)
2024-04-26:12:24:36 Branch 1: 482k $   Transferred TO the branch  2. (send_time:2024-04-26:12:24:36)
2024-04-26:12:24:36 Branch 1: 2k $   Transferred TO the branch  0. (send_time:2024-04-26:12:24:36)
2024-04-26:12:24:40 Branch 1: 380k $   Transferred TO the branch  2. (send_time:2024-04-26:12:24:40)
2024-04-26:12:24:41 Branch 1: 313k $   Transferred TO the branch  0. (send_time:2024-04-26:12:24:41)
2024-04-26:12:24:43 Branch 1: 736k $   Transferred TO the branch  2. (send_time:2024-04-26:12:24:43)
2024-04-26:12:24:44 Branch 1: 610k $   Transferred TO the branch  2. (send_time:2024-04-26:12:24:44)
2024-04-26:12:24:44 Branch 1: 489k $   Transferred TO the branch  0. (send_time:2024-04-26:12:24:44)
2024-04-26:12:24:45 Branch 1: 340k $   Transferred TO the branch  2. (send_time:2024-04-26:12:24:45)
2024-04-26:12:24:47 Branch 1: 954k $   Transferred TO the branch  2. (send_time:2024-04-26:12:24:47)
2024-04-26:12:24:48 Branch 1: 702k $   Transferred TO the branch  0. (send_time:2024-04-26:12:24:48)
2024-04-26:12:24:49 Branch 1: 374k $   Transferred TO the branch  2. (send_time:2024-04-26:12:24:49)
2024-04-26:12:24:51 Branch 1: 708k $   Transferred TO the branch  2. (send_time:2024-04-26:12:24:51)
2024-04-26:12:24:51 Branch 1: 313k $   Transferred TO the branch  0. (send_time:2024-04-26:12:24:51)
2024-04-26:12:24:53 Branch 1: 937k $   Transferred TO the branch  0. (send_time:2024-04-26:12:24:53)
2024-04-26:12:24:56 Branch 1: 365k $   Transferred TO the branch  0. (send_time:2024-04-26:12:24:56)
2024-04-26:12:24:56 Branch 1: 611k $   Transferred TO the branch  2. (send_time:2024-04-26:12:24:56)
2024-04-26:12:24:57 Branch 1: 115k $   Transferred TO the branch  2. (send_time:2024-04-26:12:24:57)
2024-04-26:12:25:01 Branch 1: 996k $   Transferred TO the branch  2. (send_time:2024-04-26:12:25:01)
2024-04-26:12:25:04 Branch 1: 488k $   Transferred TO the branch  2. (send_time:2024-04-26:12:25:04)
2024-04-26:12:25:06 Branch 1: 294k $   Transferred TO the branch  2. (send_time:2024-04-26:12:25:06)
2024-04-26:12:25:07 Branch 1: 264k $   Transferred TO the branch  0. (send_time:2024-04-26:12:25:07)
2024-04-26:12:25:08 Branch 1: 133k $   Transferred TO the branch  2. (send_time:2024-04-26:12:25:08)
2024-04-26:12:25:08 Branch 1: 822k $   Transferred TO the branch  0. (send_time:2024-04-26:12:25:08)
2024-04-26:12:25:09 Branch 1: 789k $   Transferred TO the branch  2. (send_time:2024-04-26:12:25:09)
2024-04-26:12:25:11 Branch 1: 431k $   Transferred TO the branch  2. (send_time:2024-04-26:12:25:10)
2024-04-26:12:25:12 Branch 1: 820k $   Transferred TO the branch  2. (send_time:2024-04-26:12:25:12)
2024-04-26:12:25:15 Branch 1: 930k $   Transferred TO the branch  0. (send_time:2024-04-26:12:25:15)
2024-04-26:12:25:15 Branch 1: 376k $   Transferred TO the branch  2. (send_time:2024-04-26:12:25:15)
2024-04-26:12:25:16 Branch 1: 914k $   Transferred TO the branch  0. (send_time:2024-04-26:12:25:16)
2024-04-26:12:25:18 Branch 1: 509k $   Transferred TO the branch  2. (send_time:2024-04-26:12:25:18)
2024-04-26:12:25:19 Branch 1: 707k $   Transferred TO the branch  0. (send_time:2024-04-26:12:25:19)
2024-04-26:12:25:21 Branch 1: 372k $   Transferred TO the branch  0. (send_time:2024-04-26:12:25:21)
2024-04-26:12:25:22 Branch 1: 884k $   Transferred TO the branch  0. (send_time:2024-04-26:12:25:22)
2024-04-26:12:25:24 Branch 1: 153k $   Transferred TO the branch  0. (send_time:2024-04-26:12:25:24)
2024-04-26:12:25:24 Branch 1: 680k $   Transferred TO the branch  2. (send_time:2024-04-26:12:25:24)
2024-04-26:12:25:27 Branch 1: 786k $   Transferred TO the branch  0. (send_time:2024-04-26:12:25:27)
2024-04-26:12:25:31 Branch 1: 255k $   Transferred TO the branch  2. (send_time:2024-04-26:12:25:31)
2024-04-26:12:25:31 Branch 1: 705k $   Transferred TO the branch  0. (send_time:2024-04-26:12:25:31)
2024-04-26:12:25:33 Branch 1: 470k $   Transferred TO the branch  2. (send_time:2024-04-26:12:25:33)
2024-04-26:12:25:34 Branch 1: 822k $   Transferred TO the branch  0. (send_time:2024-04-26:12:25:33)
2024-04-26:12:25:34 Branch 1: 889k $   Transferred TO the branch  2. (send_time:2024-04-26:12:25:34)
2024-04-26:12:25:36 Branch 1: 222k $   Transferred TO the branch  0. (send_time:2024-04-26:12:25:36)
2024-04-26:12:25:38 Branch 1: 655k $   Transferred TO the branch  0. (send_time:2024-04-26:12:25:37)
2024-04-26:12:25:39 Branch 1: 902k $   Transferred TO the branch  2. (send_time:2024-04-26:12:25:39)
2024-04-26:12:25:41 Branch 1: 90k $   Transferred TO the branch  0. (send_time:2024-04-26:12:25:41)
2024-04-26:12:25:42 Branch 1: 613k $   Transferred TO the branch  0. (send_time:2024-04-26:12:25:42)
2024-04-26:12:25:42 Branch 1: 57k $   Transferred TO the branch  2. (send_time:2024-04-26:12:25:42)
2024-04-26:12:25:44 Branch 1: 794k $   Transferred TO the branch  2. (send_time:2024-04-26:12:25:44)
2024-04-26:12:25:44 Branch 1: 89k $   Transferred TO the branch  0. (send_time:2024-04-26:12:25:44)
2024-04-26:12:25:46 Branch 1: 361k $   Transferred TO the branch  0. (send_time:2024-04-26:12:25:46)
2024-04-26:12:25:48 Branch 1: 726k $   Transferred TO the branch  0. (send_time:2024-04-26:12:25:48)
2024-04-26:12:25:49 Branch 1: 573k $   Transferred TO the branch  2. (send_time:2024-04-26:12:25:49)
2024-04-26:12:25:50 Branch 1: 970k $   Transferred TO the branch  0. (send_time:2024-04-26:12:25:50)
2024-04-26:12:25:52 Branch 1: 854k $   Transferred TO the branch  2. (send_time:2024-04-26:12:25:52)
2024-04-26:12:25:56 Branch 1: 822k $   Transferred TO the branch  2. (send_time:2024-04-26:12:25:56)
2024-04-26:12:25:56 Branch 1: 947k $   Transferred TO the branch  0. (send_time:2024-04-26:12:25:56)
2024-04-26:12:25:58 Branch 1: 550k $   Transferred TO the branch  2. (send_time:2024-04-26:12:25:58)
2024-04-26:12:25:58 Branch 1: 89k $   Transferred TO the branch  0. (send_time:2024-04-26:12:25:58)
2024-04-26:12:25:59 Branch 1: 394k $   Transferred TO the branch  0. (send_time:2024-04-26:12:25:59)
2024-04-26:12:26:01 Branch 1: 920k $   Transferred TO the branch  2. (send_time:2024-04-26:12:26:01)
2024-04-26:12:26:03 Branch 1: 936k $   Transferred TO the branch  2. (send_time:2024-04-26:12:26:03)
2024-04-26:12:26:04 Branch 1: 897k $   Transferred TO the branch  0. (send_time:2024-04-26:12:26:04)
2024-04-26:12:26:05 Branch 1: 80k $   Transferred TO the branch  2. (send_time:2024-04-26:12:26:05)
2024-04-26:12:26:08 Branch 1: 44k $   Transferred TO the branch  2. (send_time:2024-04-26:12:26:08)
2024-04-26:12:26:08 Branch 1: 564k $   Transferred TO the branch  0. (send_time:2024-04-26:12:26:08)
2024-04-26:12:26:09 Branch 1: 40k $   Transferred TO the branch  0. (send_time:2024-04-26:12:26:09)
2024-04-26:12:26:12 Branch 1: 488k $   Transferred TO the branch  0. (send_time:2024-04-26:12:26:12)
2024-04-26:12:26:13 Branch 1: 81k $   Transferred TO the branch  2. (send_time:2024-04-26:12:26:13)
2024-04-26:12:26:16 Branch 1: 293k $   Transferred TO the branch  0. (send_time:2024-04-26:12:26:16)
2024-04-26:12:26:18 Branch 1: 312k $   Transferred TO the branch  2. (send_time:2024-04-26:12:26:18)
2024-04-26:12:26:19 Branch 1: 707k $   Transferred TO the branch  0. (send_time:2024-04-26:12:26:19)
2024-04-26:12:26:21 Branch 1: 303k $   Transferred TO the branch  2. (send_time:2024-04-26:12:26:21)
2024-04-26:12:26:22 Branch 1: 590k $   Transferred TO the branch  2. (send_time:2024-04-26:12:26:22)
2024-04-26:12:26:24 Branch 1: 843k $   Transferred TO the branch  0. (send_time:2024-04-26:12:26:24)
2024-04-26:12:26:25 Branch 1: 905k $   Transferred TO the branch  2. (send_time:2024-04-26:12:26:25)
2024-04-26:12:26:29 Branch 1: 517k $   Transferred TO the branch  0. (send_time:2024-04-26:12:26:29)
2024-04-26:12:26:31 Branch 1: 236k $   Transferred TO the branch  2. (send_time:2024-04-26:12:26:31)
2024-04-26:12:26:32 Branch 1: 655k $   Transferred TO the branch  0. (send_time:2024-04-26:12:26:32)
2024-04-26:12:26:33 Branch 1: 810k $   Transferred TO the branch  2. (send_time:2024-04-26:12:26:32)
2024-04-26:12:26:36 Branch 1: 935k $   Transferred TO the branch  0. (send_time:2024-04-26:12:26:35)
2024-04-26:12:26:37 Branch 1: 669k $   Transferred TO the branch  0. (send_time:2024-04-26:12:26:37)
2024-04-26:12:26:37 Branch 2 has sent a snapshot request. (Initiator: Branch 2)
2024-04-26:12:26:37 Sent marker TO 0
2024-04-26:12:26:37 Sent marker TO 2
2024-04-26:12:26:38 Branch 1: 484k $   Transferred TO the branch  2. (send_time:2024-04-26:12:26:38)
2024-04-26:12:26:39 Branch 1: 826k $   Transferred TO the branch  0. (send_time:2024-04-26:12:26:39)
2024-04-26:12:26:40 Branch 1: 860k $   Transferred TO the branch  0. (send_time:2024-04-26:12:26:40)
2024-04-26:12:26:40 Branch 1: 67k $   Transferred TO the branch  2. (send_time:2024-04-26:12:26:40)
2024-04-26:12:26:42 Branch 1: 223k $   Transferred TO the branch  2. (send_time:2024-04-26:12:26:42)
2024-04-26:12:26:43 Branch 1: 925k $   Transferred TO the branch  2. (send_time:2024-04-26:12:26:43)
2024-04-26:12:26:43 Branch 1: 315k $   Transferred TO the branch  0. (send_time:2024-04-26:12:26:43)
2024-04-26:12:26:44 Branch 1: 319k $   Transferred TO the branch  2. (send_time:2024-04-26:12:26:44)
2024-04-26:12:26:45 Branch 1: 935k $   Transferred TO the branch  0. (send_time:2024-04-26:12:26:45)
2024-04-26:12:26:46 Branch 1: 875k $   Transferred TO the branch  2. (send_time:2024-04-26:12:26:46)
2024-04-26:12:26:47 Branch 1: 838k $   Transferred TO the branch  2. (send_time:2024-04-26:12:26:47)
2024-04-26:12:26:47 Branch 1: 242k $   Transferred TO the branch  0. (send_time:2024-04-26:12:26:47)
2024-04-26:12:26:50 Branch 1: 663k $   Transferred TO the branch  0. (send_time:2024-04-26:12:26:49)
2024-04-26:12:26:54 Branch 1: 705k $   Transferred TO the branch  2. (send_time:2024-04-26:12:26:54)
2024-04-26:12:26:54 Branch 1: 201k $   Transferred TO the branch  0. (send_time:2024-04-26:12:26:54)
2024-04-26:12:26:55 Branch 1: 708k $   Transferred TO the branch  0. (send_time:2024-04-26:12:26:55)
2024-04-26:12:26:55 Branch 1: 780k $   Transferred TO the branch  2. (send_time:2024-04-26:12:26:55)
2024-04-26:12:26:56 Initiating a snapshot.
2024-04-26:12:26:56 Sent marker TO 0
2024-04-26:12:26:56 Sent marker TO 2
2024-04-26:12:26:59 Branch 1: 573k $   Transferred TO the branch  0. (send_time:2024-04-26:12:26:58)
2024-04-26:12:26:59 Branch 1: 454k $   Transferred TO the branch  2. (send_time:2024-04-26:12:26:59)
2024-04-26:12:27:00 Branch 1: 187k $   Transferred TO the branch  0. (send_time:2024-04-26:12:27:00)
2024-04-26:12:27:03 Branch 1: 232k $   Transferred TO the branch  2. (send_time:2024-04-26:12:27:03)
2024-04-26:12:27:04 Branch 1: 346k $   Transferred TO the branch  0. (send_time:2024-04-26:12:27:04)
2024-04-26:12:27:05 Branch 1: 890k $   Transferred TO the branch  2. (send_time:2024-04-26:12:27:05)
2024-04-26:12:27:05 Branch 1: 811k $   Transferred TO the branch  0. (send_time:2024-04-26:12:27:05)
2024-04-26:12:27:07 Branch 1: 43k $   Transferred TO the branch  0. (send_time:2024-04-26:12:27:07)
2024-04-26:12:27:07 Branch 1: 870k $   Transferred TO the branch  2. (send_time:2024-04-26:12:27:07)
2024-04-26:12:27:09 Branch 1: 177k $   Transferred TO the branch  0. (send_time:2024-04-26:12:27:09)
2024-04-26:12:27:10 Branch 1: 71k $   Transferred TO the branch  0. (send_time:2024-04-26:12:27:10)
2024-04-26:12:27:12 Branch 1: 452k $   Transferred TO the branch  2. (send_time:2024-04-26:12:27:12)
2024-04-26:12:27:12 Branch 1: 208k $   Transferred TO the branch  0. (send_time:2024-04-26:12:27:12)
2024-04-26:12:27:15 Branch 1: 154k $   Transferred TO the branch  0. (send_time:2024-04-26:12:27:14)
2024-04-26:12:27:15 Branch 1: 96k $   Transferred TO the branch  2. (send_time:2024-04-26:12:27:15)
2024-04-26:12:27:17 Branch 1: 63k $   Transferred TO the branch  0. (send_time:2024-04-26:12:27:17)
2024-04-26:12:27:18 Branch 1: 678k $   Transferred TO the branch  2. (send_time:2024-04-26:12:27:17)
2024-04-26:12:27:20 Branch 1: 190k $   Transferred TO the branch  2. (send_time:2024-04-26:12:27:20)
2024-04-26:12:27:23 Branch 1: 971k $   Transferred TO the branch  0. (send_time:2024-04-26:12:27:23)
2024-04-26:12:27:25 Branch 1: 626k $   Transferred TO the branch  2. (send_time:2024-04-26:12:27:25)
2024-04-26:12:27:26 Branch 1: 533k $   Transferred TO the branch  0. (send_time:2024-04-26:12:27:26)
2024-04-26:12:27:27 Branch 1: 115k $   Transferred TO the branch  0. (send_time:2024-04-26:12:27:27)
2024-04-26:12:27:28 Branch 1: 915k $   Transferred TO the branch  2. (send_time:2024-04-26:12:27:28)
2024-04-26:12:27:29 Branch 1: 718k $   Transferred TO the branch  2. (send_time:2024-04-26:12:27:29)
2024-04-26:12:27:33 Branch 1: 727k $   Transferred TO the branch  2. (send_time:2024-04-26:12:27:33)
2024-04-26:12:27:34 Branch 1: 708k $   Transferred TO the branch  2. (send_time:2024-04-26:12:27:34)
2024-04-26:12:27:34 Branch 1: 490k $   Transferred TO the branch  0. (send_time:2024-04-26:12:27:34)
2024-04-26:12:27:36 Branch 1: 927k $   Transferred TO the branch  2. (send_time:2024-04-26:12:27:36)
2024-04-26:12:27:36 Branch 1: 855k $   Transferred TO the branch  0. (send_time:2024-04-26:12:27:36)
2024-04-26:12:27:37 Branch 1: 749k $   Transferred TO the branch  0. (send_time:2024-04-26:12:27:37)
2024-04-26:12:27:38 Branch 1: 916k $   Transferred TO the branch  2. (send_time:2024-04-26:12:27:38)
2024-04-26:12:27:39 Branch 1: 56k $   Transferred TO the branch  2. (send_time:2024-04-26:12:27:39)
2024-04-26:12:27:40 Branch 1: 839k $   Transferred TO the branch  0. (send_time:2024-04-26:12:27:40)
2024-04-26:12:27:41 Branch 1: 961k $   Transferred TO the branch  2. (send_time:2024-04-26:12:27:41)
2024-04-26:12:27:43 Branch 1: 283k $   Transferred TO the branch  0. (send_time:2024-04-26:12:27:43)
2024-04-26:12:27:44 Branch 1: 594k $   Transferred TO the branch  2. (send_time:2024-04-26:12:27:44)
2024-04-26:12:27:47 Branch 1: 711k $   Transferred TO the branch  2. (send_time:2024-04-26:12:27:47)
2024-04-26:12:27:47 Branch 1: 538k $   Transferred TO the branch  0. (send_time:2024-04-26:12:27:47)
2024-04-26:12:27:48 Branch 1: 265k $   Transferred TO the branch  2. (send_time:2024-04-26:12:27:48)
2024-04-26:12:27:50 Branch 1: 688k $   Transferred TO the branch  0. (send_time:2024-04-26:12:27:50)
2024-04-26:12:27:50 Branch 1: 275k $   Transferred TO the branch  2. (send_time:2024-04-26:12:27:50)
2024-04-26:12:27:52 Branch 1: 210k $   Transferred TO the branch  0. (send_time:2024-04-26:12:27:52)
2024-04-26:12:27:53 Branch 1: 212k $   Transferred TO the branch  0. (send_time:2024-04-26:12:27:53)
2024-04-26:12:27:55 Branch 1: 616k $   Transferred TO the branch  2. (send_time:2024-04-26:12:27:55)
2024-04-26:12:27:57 Branch 1: 599k $   Transferred TO the branch  2. (send_time:2024-04-26:12:27:56)
2024-04-26:12:27:58 Branch 1: 13k $   Transferred TO the branch  0. (send_time:2024-04-26:12:27:58)
2024-04-26:12:28:00 Branch 1: 818k $   Transferred TO the branch  2. (send_time:2024-04-26:12:28:00)
2024-04-26:12:28:00 Branch 1: 742k $   Transferred TO the branch  0. (send_time:2024-04-26:12:28:00)
2024-04-26:12:28:02 Branch 1: 464k $   Transferred TO the branch  2. (send_time:2024-04-26:12:28:01)
2024-04-26:12:28:03 Branch 1: 795k $   Transferred TO the branch  0. (send_time:2024-04-26:12:28:03)
2024-04-26:12:28:04 Branch 1: 353k $   Transferred TO the branch  0. (send_time:2024-04-26:12:28:04)
2024-04-26:12:28:05 Branch 1: 39k $   Transferred TO the branch  2. (send_time:2024-04-26:12:28:05)
2024-04-26:12:28:06 Branch 1: 655k $   Transferred TO the branch  0. (send_time:2024-04-26:12:28:06)
2024-04-26:12:28:12 Branch 1: 682k $   Transferred TO the branch  2. (send_time:2024-04-26:12:28:12)
2024-04-26:12:28:12 Branch 1: 174k $   Transferred TO the branch  0. (send_time:2024-04-26:12:28:12)
2024-04-26:12:28:13 Branch 1: 533k $   Transferred TO the branch  2. (send_time:2024-04-26:12:28:13)
2024-04-26:12:28:14 Branch 1: 144k $   Transferred TO the branch  0. (send_time:2024-04-26:12:28:13)
2024-04-26:12:28:18 Branch 1: 65k $   Transferred TO the branch  2. (send_time:2024-04-26:12:28:18)
2024-04-26:12:28:18 Branch 1: 27k $   Transferred TO the branch  0. (send_time:2024-04-26:12:28:18)
2024-04-26:12:28:20 Branch 1: 598k $   Transferred TO the branch  0. (send_time:2024-04-26:12:28:20)
