2024-04-26:12:22:38 INSPECTOR LOG

2024-04-26:12:22:42 sender:  1 - send_time: 12:22:41 - amount:785k $  - receiver: 0 - receive_time: 12:22:42
2024-04-26:12:22:43 sender:  0 - send_time: 12:22:40 - amount:910k $  - receiver: 2 - receive_time: 12:22:43
2024-04-26:12:22:43 sender:  0 - send_time: 12:22:40 - amount:658k $  - receiver: 1 - receive_time: 12:22:43
2024-04-26:12:22:43 sender:  2 - send_time: 12:22:40 - amount:924k $  - receiver: 1 - receive_time: 12:22:43
2024-04-26:12:22:43 sender:  1 - send_time: 12:22:42 - amount:281k $  - receiver: 0 - receive_time: 12:22:43
2024-04-26:12:22:43 sender:  2 - send_time: 12:22:41 - amount:994k $  - receiver: 0 - receive_time: 12:22:43
2024-04-26:12:22:43 sender:  1 - send_time: 12:22:41 - amount:213k $  - receiver: 2 - receive_time: 12:22:43
2024-04-26:12:22:44 sender:  2 - send_time: 12:22:42 - amount:940k $  - receiver: 1 - receive_time: 12:22:44
2024-04-26:12:22:46 sender:  1 - send_time: 12:22:44 - amount:897k $  - receiver: 0 - receive_time: 12:22:46
2024-04-26:12:22:46 sender:  0 - send_time: 12:22:42 - amount:389k $  - receiver: 2 - receive_time: 12:22:46
2024-04-26:12:22:46 sender:  1 - send_time: 12:22:44 - amount:173k $  - receiver: 2 - receive_time: 12:22:46
2024-04-26:12:22:46 sender:  0 - send_time: 12:22:43 - amount:302k $  - receiver: 2 - receive_time: 12:22:46
2024-04-26:12:22:46 sender:  1 - send_time: 12:22:46 - amount:581k $  - receiver: 2 - receive_time: 12:22:46
2024-04-26:12:22:47 sender:  2 - send_time: 12:22:43 - amount:686k $  - receiver: 0 - receive_time: 12:22:47
2024-04-26:12:22:48 sender:  1 - send_time: 12:22:47 - amount:780k $  - receiver: 2 - receive_time: 12:22:48
2024-04-26:12:22:49 sender:  0 - send_time: 12:22:47 - amount:600k $  - receiver: 1 - receive_time: 12:22:49
2024-04-26:12:22:50 sender:  0 - send_time: 12:22:45 - amount:209k $  - receiver: 2 - receive_time: 12:22:50
2024-04-26:12:22:51 sender:  0 - send_time: 12:22:50 - amount:16k $  - receiver: 1 - receive_time: 12:22:51
2024-04-26:12:22:52 sender:  1 - send_time: 12:22:49 - amount:166k $  - receiver: 0 - receive_time: 12:22:52
2024-04-26:12:22:53 sender:  1 - send_time: 12:22:50 - amount:872k $  - receiver: 2 - receive_time: 12:22:53
2024-04-26:12:22:54 sender:  2 - send_time: 12:22:48 - amount:874k $  - receiver: 0 - receive_time: 12:22:54
2024-04-26:12:22:54 sender:  2 - send_time: 12:22:46 - amount:515k $  - receiver: 1 - receive_time: 12:22:54
2024-04-26:12:22:54 sender:  1 - send_time: 12:22:52 - amount:339k $  - receiver: 0 - receive_time: 12:22:54
2024-04-26:12:22:55 sender:  0 - send_time: 12:22:48 - amount:153k $  - receiver: 2 - receive_time: 12:22:55
2024-04-26:12:22:55 sender:  2 - send_time: 12:22:52 - amount:925k $  - receiver: 0 - receive_time: 12:22:55
2024-04-26:12:22:55 sender:  1 - send_time: 12:22:51 - amount:476k $  - receiver: 2 - receive_time: 12:22:55
2024-04-26:12:22:55 sender:  1 - send_time: 12:22:54 - amount:865k $  - receiver: 0 - receive_time: 12:22:55
2024-04-26:12:22:56 sender:  1 - send_time: 12:22:52 - amount:172k $  - receiver: 2 - receive_time: 12:22:56
2024-04-26:12:22:56 sender:  0 - send_time: 12:22:52 - amount:392k $  - receiver: 1 - receive_time: 12:22:56
2024-04-26:12:22:58 sender:  2 - send_time: 12:22:47 - amount:520k $  - receiver: 1 - receive_time: 12:22:58
2024-04-26:12:22:58 sender:  0 - send_time: 12:22:53 - amount:276k $  - receiver: 1 - receive_time: 12:22:58
2024-04-26:12:22:58 sender:  1 - send_time: 12:22:57 - amount:247k $  - receiver: 0 - receive_time: 12:22:58
2024-04-26:12:22:58 sender:  2 - send_time: 12:22:53 - amount:50k $  - receiver: 0 - receive_time: 12:22:58
2024-04-26:12:23:00 sender:  0 - send_time: 12:22:50 - amount:426k $  - receiver: 2 - receive_time: 12:23:00
2024-04-26:12:23:00 sender:  2 - send_time: 12:23:00 - amount:874k $  - receiver: 0 - receive_time: 12:22:54
2024-04-26:12:23:01 sender:  2 - send_time: 12:22:49 - amount:193k $  - receiver: 1 - receive_time: 12:23:01
2024-04-26:12:23:02 sender:  0 - send_time: 12:22:55 - amount:828k $  - receiver: 1 - receive_time: 12:23:02
2024-04-26:12:23:03 sender:  2 - send_time: 12:22:55 - amount:806k $  - receiver: 0 - receive_time: 12:23:03
2024-04-26:12:23:03 sender:  1 - send_time: 12:22:53 - amount:917k $  - receiver: 2 - receive_time: 12:23:03
2024-04-26:12:23:04 sender:  0 - send_time: 12:22:51 - amount:315k $  - receiver: 2 - receive_time: 12:23:04
2024-04-26:12:23:05 sender:  1 - send_time: 12:23:03 - amount:63k $  - receiver: 0 - receive_time: 12:23:05
2024-04-26:12:23:05 sender:  2 - send_time: 12:22:51 - amount:873k $  - receiver: 1 - receive_time: 12:23:05
2024-04-26:12:23:05 sender:  2 - send_time: 12:22:57 - amount:910k $  - receiver: 0 - receive_time: 12:23:05
2024-04-26:12:23:05 sender:  1 - send_time: 12:22:58 - amount:885k $  - receiver: 2 - receive_time: 12:23:05
2024-04-26:12:23:07 sender:  0 - send_time: 12:22:56 - amount:471k $  - receiver: 1 - receive_time: 12:23:07
2024-04-26:12:23:07 
===========================================================================
Global Snapshot #1	Request Time:12:23:02	Preparation Time:12:23:07
Branch  1: Balance:998374k $     - In Channels: 16k $   
Branch  0: Balance:999980k $     - In Channels: 166k $   
Branch  2: Balance:997579k $     - In Channels: 3885k $   
Total Balance: 3000000k $      
===========================================================================

2024-04-26:12:23:08 sender:  1 - send_time: 12:22:59 - amount:888k $  - receiver: 2 - receive_time: 12:23:08
2024-04-26:12:23:08 sender:  1 - send_time: 12:23:06 - amount:474k $  - receiver: 0 - receive_time: 12:23:08
2024-04-26:12:23:09 sender:  1 - send_time: 12:23:01 - amount:210k $  - receiver: 2 - receive_time: 12:23:09
2024-04-26:12:23:10 sender:  1 - send_time: 12:23:04 - amount:3k $  - receiver: 2 - receive_time: 12:23:10
2024-04-26:12:23:10 sender:  2 - send_time: 12:23:00 - amount:874k $  - receiver: 0 - receive_time: 12:23:10
2024-04-26:12:23:10 sender:  2 - send_time: 12:22:53 - amount:867k $  - receiver: 1 - receive_time: 12:23:10
2024-04-26:12:23:11 sender:  0 - send_time: 12:22:57 - amount:862k $  - receiver: 1 - receive_time: 12:23:11
2024-04-26:12:23:11 sender:  2 - send_time: 12:23:01 - amount:611k $  - receiver: 0 - receive_time: 12:23:11
2024-04-26:12:23:12 sender:  0 - send_time: 12:22:59 - amount:416k $  - receiver: 2 - receive_time: 12:23:12
2024-04-26:12:23:12 sender:  0 - send_time: 12:23:01 - amount:554k $  - receiver: 2 - receive_time: 12:23:12
2024-04-26:12:23:12 sender:  2 - send_time: 12:23:04 - amount:730k $  - receiver: 0 - receive_time: 12:23:12
2024-04-26:12:23:13 sender:  1 - send_time: 12:23:09 - amount:562k $  - receiver: 0 - receive_time: 12:23:13
2024-04-26:12:23:13 sender:  2 - send_time: 12:22:54 - amount:470k $  - receiver: 1 - receive_time: 12:23:13
2024-04-26:12:23:14 sender:  2 - send_time: 12:23:07 - amount:6k $  - receiver: 0 - receive_time: 12:23:14
2024-04-26:12:23:14 sender:  2 - send_time: 12:22:57 - amount:31k $  - receiver: 1 - receive_time: 12:23:14
2024-04-26:12:23:14 sender:  1 - send_time: 12:23:10 - amount:25k $  - receiver: 0 - receive_time: 12:23:14
2024-04-26:12:23:15 sender:  1 - send_time: 12:23:08 - amount:155k $  - receiver: 2 - receive_time: 12:23:15
2024-04-26:12:23:15 sender:  2 - send_time: 12:23:09 - amount:539k $  - receiver: 0 - receive_time: 12:23:15
2024-04-26:12:23:15 sender:  2 - send_time: 12:22:58 - amount:166k $  - receiver: 1 - receive_time: 12:23:15
2024-04-26:12:23:15 sender:  0 - send_time: 12:23:04 - amount:365k $  - receiver: 2 - receive_time: 12:23:15
2024-04-26:12:23:16 sender:  1 - send_time: 12:23:09 - amount:53k $  - receiver: 2 - receive_time: 12:23:16
2024-04-26:12:23:16 sender:  1 - send_time: 12:23:12 - amount:317k $  - receiver: 0 - receive_time: 12:23:16
2024-04-26:12:23:16 sender:  2 - send_time: 12:22:59 - amount:141k $  - receiver: 1 - receive_time: 12:23:16
2024-04-26:12:23:16 sender:  0 - send_time: 12:22:59 - amount:637k $  - receiver: 1 - receive_time: 12:23:16
2024-04-26:12:23:17 sender:  2 - send_time: 12:23:02 - amount:802k $  - receiver: 1 - receive_time: 12:23:17
2024-04-26:12:23:18 sender:  2 - send_time: 12:23:04 - amount:98k $  - receiver: 1 - receive_time: 12:23:18
2024-04-26:12:23:18 sender:  1 - send_time: 12:23:13 - amount:849k $  - receiver: 0 - receive_time: 12:23:18
2024-04-26:12:23:19 sender:  1 - send_time: 12:23:15 - amount:112k $  - receiver: 0 - receive_time: 12:23:19
2024-04-26:12:23:19 sender:  0 - send_time: 12:23:08 - amount:480k $  - receiver: 2 - receive_time: 12:23:19
2024-04-26:12:23:20 sender:  0 - send_time: 12:23:02 - amount:44k $  - receiver: 1 - receive_time: 12:23:20
2024-04-26:12:23:20 sender:  1 - send_time: 12:23:10 - amount:800k $  - receiver: 2 - receive_time: 12:23:20
2024-04-26:12:23:21 sender:  2 - send_time: 12:23:10 - amount:855k $  - receiver: 0 - receive_time: 12:23:21
2024-04-26:12:23:22 sender:  1 - send_time: 12:23:16 - amount:110k $  - receiver: 2 - receive_time: 12:23:22
2024-04-26:12:23:22 sender:  0 - send_time: 12:23:04 - amount:207k $  - receiver: 1 - receive_time: 12:23:22
2024-04-26:12:23:23 sender:  1 - send_time: 12:23:17 - amount:993k $  - receiver: 0 - receive_time: 12:23:23
2024-04-26:12:23:23 sender:  2 - send_time: 12:23:10 - amount:356k $  - receiver: 1 - receive_time: 12:23:23
2024-04-26:12:23:24 sender:  0 - send_time: 12:23:10 - amount:630k $  - receiver: 2 - receive_time: 12:23:24
2024-04-26:12:23:24 sender:  1 - send_time: 12:23:18 - amount:785k $  - receiver: 2 - receive_time: 12:23:24
2024-04-26:12:23:25 sender:  0 - send_time: 12:23:24 - amount:276k $  - receiver: 1 - receive_time: 12:22:58
2024-04-26:12:23:25 sender:  2 - send_time: 12:23:11 - amount:349k $  - receiver: 0 - receive_time: 12:23:25
2024-04-26:12:23:27 sender:  0 - send_time: 12:23:05 - amount:183k $  - receiver: 1 - receive_time: 12:23:27
2024-04-26:12:23:27 sender:  1 - send_time: 12:23:23 - amount:487k $  - receiver: 0 - receive_time: 12:23:27
2024-04-26:12:23:27 sender:  2 - send_time: 12:23:13 - amount:540k $  - receiver: 1 - receive_time: 12:23:27
2024-04-26:12:23:28 sender:  0 - send_time: 12:23:11 - amount:976k $  - receiver: 2 - receive_time: 12:23:28
2024-04-26:12:23:28 sender:  0 - send_time: 12:23:07 - amount:501k $  - receiver: 1 - receive_time: 12:23:28
2024-04-26:12:23:28 sender:  1 - send_time: 12:23:19 - amount:688k $  - receiver: 2 - receive_time: 12:23:28
2024-04-26:12:23:29 sender:  2 - send_time: 12:23:18 - amount:374k $  - receiver: 0 - receive_time: 12:23:29
2024-04-26:12:23:30 sender:  0 - send_time: 12:23:14 - amount:404k $  - receiver: 2 - receive_time: 12:23:30
2024-04-26:12:23:31 sender:  1 - send_time: 12:23:27 - amount:191k $  - receiver: 0 - receive_time: 12:23:31
2024-04-26:12:23:32 sender:  0 - send_time: 12:23:09 - amount:147k $  - receiver: 1 - receive_time: 12:23:32
2024-04-26:12:23:32 sender:  2 - send_time: 12:23:16 - amount:993k $  - receiver: 1 - receive_time: 12:23:32
2024-04-26:12:23:33 sender:  2 - send_time: 12:23:18 - amount:991k $  - receiver: 1 - receive_time: 12:23:33
2024-04-26:12:23:34 sender:  1 - send_time: 12:23:24 - amount:26k $  - receiver: 2 - receive_time: 12:23:34
2024-04-26:12:23:34 sender:  2 - send_time: 12:23:20 - amount:590k $  - receiver: 0 - receive_time: 12:23:34
2024-04-26:12:23:35 sender:  0 - send_time: 12:23:12 - amount:890k $  - receiver: 1 - receive_time: 12:23:35
2024-04-26:12:23:35 sender:  2 - send_time: 12:23:20 - amount:294k $  - receiver: 1 - receive_time: 12:23:35
2024-04-26:12:23:35 sender:  1 - send_time: 12:23:26 - amount:860k $  - receiver: 2 - receive_time: 12:23:35
2024-04-26:12:23:35 sender:  1 - send_time: 12:23:34 - amount:612k $  - receiver: 0 - receive_time: 12:23:35
2024-04-26:12:23:36 sender:  0 - send_time: 12:23:14 - amount:433k $  - receiver: 1 - receive_time: 12:23:36
2024-04-26:12:23:37 sender:  2 - send_time: 12:23:22 - amount:694k $  - receiver: 0 - receive_time: 12:23:37
2024-04-26:12:23:37 sender:  0 - send_time: 12:23:17 - amount:289k $  - receiver: 2 - receive_time: 12:23:37
2024-04-26:12:23:38 sender:  0 - send_time: 12:23:16 - amount:930k $  - receiver: 1 - receive_time: 12:23:38
2024-04-26:12:23:39 sender:  1 - send_time: 12:23:35 - amount:522k $  - receiver: 0 - receive_time: 12:23:39
2024-04-26:12:23:39 sender:  2 - send_time: 12:23:22 - amount:892k $  - receiver: 1 - receive_time: 12:23:39
2024-04-26:12:23:39 sender:  1 - send_time: 12:23:39 - amount:282k $  - receiver: 0 - receive_time: 12:23:39
2024-04-26:12:23:40 sender:  2 - send_time: 12:23:24 - amount:412k $  - receiver: 0 - receive_time: 12:23:40
2024-04-26:12:23:40 sender:  1 - send_time: 12:23:28 - amount:428k $  - receiver: 2 - receive_time: 12:23:40
2024-04-26:12:23:41 sender:  1 - send_time: 12:23:40 - amount:166k $  - receiver: 0 - receive_time: 12:22:52
2024-04-26:12:23:41 sender:  2 - send_time: 12:23:28 - amount:490k $  - receiver: 0 - receive_time: 12:23:41
2024-04-26:12:23:42 sender:  0 - send_time: 12:23:19 - amount:304k $  - receiver: 2 - receive_time: 12:23:42
2024-04-26:12:23:43 sender:  2 - send_time: 12:23:23 - amount:504k $  - receiver: 1 - receive_time: 12:23:43
2024-04-26:12:23:43 sender:  2 - send_time: 12:23:30 - amount:694k $  - receiver: 0 - receive_time: 12:23:43
2024-04-26:12:23:44 sender:  0 - send_time: 12:23:22 - amount:705k $  - receiver: 2 - receive_time: 12:23:44
2024-04-26:12:23:45 sender:  1 - send_time: 12:23:32 - amount:539k $  - receiver: 2 - receive_time: 12:23:45
2024-04-26:12:23:45 sender:  0 - send_time: 12:23:18 - amount:996k $  - receiver: 1 - receive_time: 12:23:45
2024-04-26:12:23:45 sender:  2 - send_time: 12:23:25 - amount:274k $  - receiver: 1 - receive_time: 12:23:45
2024-04-26:12:23:45 sender:  0 - send_time: 12:23:23 - amount:6k $  - receiver: 2 - receive_time: 12:23:45
2024-04-26:12:23:46 sender:  1 - send_time: 12:23:40 - amount:166k $  - receiver: 0 - receive_time: 12:23:45
2024-04-26:12:23:46 sender:  0 - send_time: 12:23:19 - amount:394k $  - receiver: 1 - receive_time: 12:23:46
2024-04-26:12:23:46 sender:  2 - send_time: 12:23:36 - amount:661k $  - receiver: 0 - receive_time: 12:23:46
2024-04-26:12:23:48 sender:  1 - send_time: 12:23:42 - amount:948k $  - receiver: 0 - receive_time: 12:23:48
2024-04-26:12:23:48 sender:  2 - send_time: 12:23:38 - amount:476k $  - receiver: 0 - receive_time: 12:23:48
2024-04-26:12:23:48 sender:  1 - send_time: 12:23:37 - amount:149k $  - receiver: 2 - receive_time: 12:23:48
2024-04-26:12:23:49 sender:  0 - send_time: 12:23:21 - amount:907k $  - receiver: 1 - receive_time: 12:23:49
2024-04-26:12:23:49 sender:  0 - send_time: 12:23:25 - amount:91k $  - receiver: 2 - receive_time: 12:23:49
2024-04-26:12:23:49 sender:  2 - send_time: 12:23:26 - amount:33k $  - receiver: 1 - receive_time: 12:23:49
2024-04-26:12:23:50 sender:  1 - send_time: 12:23:39 - amount:117k $  - receiver: 2 - receive_time: 12:23:50
2024-04-26:12:23:50 sender:  0 - send_time: 12:23:23 - amount:386k $  - receiver: 1 - receive_time: 12:23:50
2024-04-26:12:23:50 sender:  2 - send_time: 12:23:39 - amount:346k $  - receiver: 0 - receive_time: 12:23:50
2024-04-26:12:23:51 sender:  1 - send_time: 12:23:44 - amount:509k $  - receiver: 0 - receive_time: 12:23:51
2024-04-26:12:23:51 sender:  0 - send_time: 12:23:24 - amount:276k $  - receiver: 1 - receive_time: 12:23:51
2024-04-26:12:23:52 sender:  1 - send_time: 12:23:51 - amount:247k $  - receiver: 0 - receive_time: 12:22:58
2024-04-26:12:23:53 sender:  0 - send_time: 12:23:27 - amount:354k $  - receiver: 2 - receive_time: 12:23:53
2024-04-26:12:23:54 sender:  2 - send_time: 12:23:40 - amount:546k $  - receiver: 0 - receive_time: 12:23:54
2024-04-26:12:23:54 sender:  0 - send_time: 12:23:28 - amount:169k $  - receiver: 2 - receive_time: 12:23:54
2024-04-26:12:23:54 
===========================================================================
Global Snapshot #2	Request Time:12:23:33	Preparation Time:12:23:54
Branch  0: Balance:998422k $     - In Channels: 1954k $   
Branch  1: Balance:995588k $     - In Channels: 3335k $   
Branch  2: Balance:994326k $     - In Channels: 6419k $   
Total Balance: 3000044k $      
===========================================================================

2024-04-26:12:23:55 sender:  2 - send_time: 12:23:30 - amount:389k $  - receiver: 1 - receive_time: 12:23:55
2024-04-26:12:23:55 sender:  0 - send_time: 12:23:26 - amount:265k $  - receiver: 1 - receive_time: 12:23:55
2024-04-26:12:23:55 sender:  1 - send_time: 12:23:51 - amount:247k $  - receiver: 0 - receive_time: 12:23:55
2024-04-26:12:23:57 sender:  2 - send_time: 12:23:43 - amount:172k $  - receiver: 0 - receive_time: 12:23:57
2024-04-26:12:23:57 sender:  0 - send_time: 12:23:30 - amount:288k $  - receiver: 2 - receive_time: 12:23:57
2024-04-26:12:23:58 sender:  1 - send_time: 12:23:43 - amount:705k $  - receiver: 2 - receive_time: 12:23:58
2024-04-26:12:23:59 sender:  1 - send_time: 12:23:55 - amount:230k $  - receiver: 0 - receive_time: 12:23:59
2024-04-26:12:23:59 sender:  2 - send_time: 12:23:31 - amount:596k $  - receiver: 1 - receive_time: 12:23:59
2024-04-26:12:24:00 sender:  0 - send_time: 12:23:27 - amount:722k $  - receiver: 1 - receive_time: 12:24:00
2024-04-26:12:24:00 sender:  2 - send_time: 12:23:33 - amount:362k $  - receiver: 1 - receive_time: 12:24:00
2024-04-26:12:24:01 sender:  1 - send_time: 12:23:44 - amount:624k $  - receiver: 2 - receive_time: 12:24:01
2024-04-26:12:24:01 sender:  0 - send_time: 12:23:32 - amount:282k $  - receiver: 2 - receive_time: 12:24:01
2024-04-26:12:24:02 sender:  1 - send_time: 12:23:45 - amount:518k $  - receiver: 2 - receive_time: 12:24:02
2024-04-26:12:24:02 sender:  2 - send_time: 12:23:45 - amount:144k $  - receiver: 0 - receive_time: 12:24:02
2024-04-26:12:24:02 sender:  1 - send_time: 12:24:01 - amount:129k $  - receiver: 0 - receive_time: 12:24:02
2024-04-26:12:24:02 sender:  1 - send_time: 12:23:48 - amount:108k $  - receiver: 2 - receive_time: 12:24:02
2024-04-26:12:24:02 sender:  2 - send_time: 12:23:47 - amount:907k $  - receiver: 0 - receive_time: 12:24:02
2024-04-26:12:24:03 sender:  2 - send_time: 12:23:41 - amount:1k $  - receiver: 1 - receive_time: 12:24:03
2024-04-26:12:24:03 sender:  2 - send_time: 12:23:48 - amount:884k $  - receiver: 0 - receive_time: 12:24:03
2024-04-26:12:24:04 sender:  0 - send_time: 12:23:34 - amount:457k $  - receiver: 2 - receive_time: 12:24:04
2024-04-26:12:24:04 sender:  1 - send_time: 12:24:03 - amount:266k $  - receiver: 0 - receive_time: 12:24:03
2024-04-26:12:24:05 sender:  2 - send_time: 12:23:44 - amount:234k $  - receiver: 1 - receive_time: 12:24:05
2024-04-26:12:24:05 sender:  1 - send_time: 12:23:50 - amount:350k $  - receiver: 2 - receive_time: 12:24:05
2024-04-26:12:24:05 sender:  1 - send_time: 12:23:52 - amount:202k $  - receiver: 2 - receive_time: 12:24:05
2024-04-26:12:24:05 sender:  0 - send_time: 12:23:32 - amount:337k $  - receiver: 1 - receive_time: 12:24:05
2024-04-26:12:24:06 sender:  2 - send_time: 12:23:49 - amount:888k $  - receiver: 0 - receive_time: 12:24:06
2024-04-26:12:24:07 sender:  0 - send_time: 12:23:33 - amount:921k $  - receiver: 1 - receive_time: 12:24:07
2024-04-26:12:24:07 sender:  0 - send_time: 12:23:35 - amount:79k $  - receiver: 2 - receive_time: 12:24:07
2024-04-26:12:24:08 sender:  2 - send_time: 12:23:47 - amount:59k $  - receiver: 1 - receive_time: 12:24:08
2024-04-26:12:24:08 sender:  1 - send_time: 12:23:53 - amount:338k $  - receiver: 2 - receive_time: 12:24:08
2024-04-26:12:24:08 sender:  1 - send_time: 12:24:06 - amount:22k $  - receiver: 0 - receive_time: 12:24:08
2024-04-26:12:24:09 sender:  2 - send_time: 12:23:50 - amount:320k $  - receiver: 1 - receive_time: 12:24:09
2024-04-26:12:24:10 sender:  1 - send_time: 12:24:08 - amount:161k $  - receiver: 0 - receive_time: 12:24:10
2024-04-26:12:24:11 sender:  0 - send_time: 12:23:35 - amount:625k $  - receiver: 1 - receive_time: 12:24:11
2024-04-26:12:24:11 sender:  0 - send_time: 12:23:39 - amount:545k $  - receiver: 2 - receive_time: 12:24:11
2024-04-26:12:24:12 sender:  2 - send_time: 12:23:51 - amount:624k $  - receiver: 0 - receive_time: 12:24:12
2024-04-26:12:24:12 sender:  1 - send_time: 12:23:56 - amount:456k $  - receiver: 2 - receive_time: 12:24:12
2024-04-26:12:24:14 sender:  0 - send_time: 12:23:37 - amount:337k $  - receiver: 1 - receive_time: 12:24:14
2024-04-26:12:24:14 sender:  1 - send_time: 12:24:00 - amount:362k $  - receiver: 2 - receive_time: 12:24:14
2024-04-26:12:24:15 sender:  2 - send_time: 12:23:51 - amount:811k $  - receiver: 1 - receive_time: 12:24:15
2024-04-26:12:24:15 sender:  0 - send_time: 12:23:42 - amount:442k $  - receiver: 2 - receive_time: 12:24:15
2024-04-26:12:24:16 sender:  0 - send_time: 12:23:38 - amount:122k $  - receiver: 1 - receive_time: 12:24:16
2024-04-26:12:24:16 sender:  1 - send_time: 12:24:11 - amount:385k $  - receiver: 0 - receive_time: 12:24:16
2024-04-26:12:24:17 sender:  0 - send_time: 12:23:40 - amount:8k $  - receiver: 1 - receive_time: 12:24:17
2024-04-26:12:24:17 sender:  2 - send_time: 12:23:53 - amount:11k $  - receiver: 0 - receive_time: 12:24:17
2024-04-26:12:24:17 sender:  1 - send_time: 12:24:03 - amount:160k $  - receiver: 2 - receive_time: 12:24:17
2024-04-26:12:24:17 sender:  0 - send_time: 12:23:43 - amount:780k $  - receiver: 2 - receive_time: 12:24:17
2024-04-26:12:24:18 sender:  0 - send_time: 12:23:42 - amount:189k $  - receiver: 1 - receive_time: 12:24:18
2024-04-26:12:24:18 sender:  0 - send_time: 12:23:45 - amount:582k $  - receiver: 2 - receive_time: 12:24:18
2024-04-26:12:24:19 sender:  2 - send_time: 12:23:54 - amount:284k $  - receiver: 1 - receive_time: 12:24:19
2024-04-26:12:24:20 sender:  2 - send_time: 12:23:54 - amount:596k $  - receiver: 0 - receive_time: 12:24:20
2024-04-26:12:24:21 sender:  0 - send_time: 12:23:49 - amount:927k $  - receiver: 2 - receive_time: 12:24:21
2024-04-26:12:24:21 sender:  1 - send_time: 12:24:13 - amount:236k $  - receiver: 0 - receive_time: 12:24:21
2024-04-26:12:24:22 sender:  1 - send_time: 12:24:05 - amount:734k $  - receiver: 2 - receive_time: 12:24:22
2024-04-26:12:24:22 sender:  0 - send_time: 12:23:45 - amount:763k $  - receiver: 1 - receive_time: 12:24:22
2024-04-26:12:24:23 sender:  2 - send_time: 12:23:56 - amount:646k $  - receiver: 1 - receive_time: 12:24:23
2024-04-26:12:24:24 sender:  1 - send_time: 12:24:17 - amount:453k $  - receiver: 0 - receive_time: 12:24:24
2024-04-26:12:24:24 sender:  0 - send_time: 12:23:47 - amount:486k $  - receiver: 1 - receive_time: 12:24:24
2024-04-26:12:24:24 sender:  0 - send_time: 12:23:51 - amount:943k $  - receiver: 2 - receive_time: 12:24:24
2024-04-26:12:24:25 sender:  0 - send_time: 12:23:52 - amount:743k $  - receiver: 2 - receive_time: 12:24:25
2024-04-26:12:24:25 sender:  2 - send_time: 12:23:56 - amount:102k $  - receiver: 0 - receive_time: 12:24:25
2024-04-26:12:24:26 sender:  1 - send_time: 12:24:09 - amount:308k $  - receiver: 2 - receive_time: 12:24:26
2024-04-26:12:24:27 sender:  0 - send_time: 12:23:49 - amount:332k $  - receiver: 1 - receive_time: 12:24:27
2024-04-26:12:24:27 sender:  2 - send_time: 12:24:26 - amount:490k $  - receiver: 0 - receive_time: 12:23:41
2024-04-26:12:24:27 sender:  1 - send_time: 12:24:10 - amount:241k $  - receiver: 2 - receive_time: 12:24:27
2024-04-26:12:24:27 sender:  0 - send_time: 12:23:55 - amount:873k $  - receiver: 2 - receive_time: 12:24:27
2024-04-26:12:24:28 sender:  1 - send_time: 12:24:24 - amount:254k $  - receiver: 0 - receive_time: 12:24:28
2024-04-26:12:24:30 sender:  2 - send_time: 12:23:58 - amount:970k $  - receiver: 0 - receive_time: 12:24:30
2024-04-26:12:24:30 sender:  2 - send_time: 12:23:57 - amount:153k $  - receiver: 1 - receive_time: 12:24:30
2024-04-26:12:24:31 sender:  0 - send_time: 12:23:57 - amount:608k $  - receiver: 2 - receive_time: 12:24:31
2024-04-26:12:24:31 sender:  0 - send_time: 12:23:54 - amount:673k $  - receiver: 1 - receive_time: 12:24:31
2024-04-26:12:24:31 sender:  1 - send_time: 12:24:13 - amount:873k $  - receiver: 2 - receive_time: 12:24:31
2024-04-26:12:24:32 sender:  1 - send_time: 12:24:16 - amount:940k $  - receiver: 2 - receive_time: 12:24:32
2024-04-26:12:24:33 sender:  2 - send_time: 12:23:59 - amount:576k $  - receiver: 0 - receive_time: 12:24:33
2024-04-26:12:24:33 sender:  2 - send_time: 12:24:00 - amount:997k $  - receiver: 1 - receive_time: 12:24:33
2024-04-26:12:24:34 sender:  1 - send_time: 12:24:19 - amount:727k $  - receiver: 2 - receive_time: 12:24:34
2024-04-26:12:24:34 sender:  0 - send_time: 12:23:56 - amount:369k $  - receiver: 1 - receive_time: 12:24:34
2024-04-26:12:24:34 sender:  0 - send_time: 12:24:34 - amount:743k $  - receiver: 2 - receive_time: 12:24:25
2024-04-26:12:24:34 sender:  2 - send_time: 12:24:03 - amount:430k $  - receiver: 1 - receive_time: 12:24:34
2024-04-26:12:24:35 sender:  1 - send_time: 12:24:31 - amount:772k $  - receiver: 0 - receive_time: 12:24:35
2024-04-26:12:24:35 sender:  0 - send_time: 12:24:01 - amount:34k $  - receiver: 1 - receive_time: 12:24:34
2024-04-26:12:24:36 sender:  2 - send_time: 12:24:03 - amount:811k $  - receiver: 0 - receive_time: 12:24:36
2024-04-26:12:24:36 sender:  0 - send_time: 12:24:00 - amount:240k $  - receiver: 2 - receive_time: 12:24:36
2024-04-26:12:24:36 sender:  0 - send_time: 12:24:03 - amount:283k $  - receiver: 2 - receive_time: 12:24:36
2024-04-26:12:24:37 sender:  0 - send_time: 12:24:06 - amount:908k $  - receiver: 2 - receive_time: 12:24:37
2024-04-26:12:24:38 sender:  1 - send_time: 12:22:47 - amount:780k $  - receiver: 2 - receive_time: 12:24:38
2024-04-26:12:24:38 sender:  0 - send_time: 12:24:07 - amount:74k $  - receiver: 2 - receive_time: 12:24:38
2024-04-26:12:24:38 sender:  1 - send_time: 12:24:26 - amount:593k $  - receiver: 2 - receive_time: 12:24:38
2024-04-26:12:24:39 sender:  1 - send_time: 12:24:34 - amount:566k $  - receiver: 0 - receive_time: 12:24:39
2024-04-26:12:24:39 sender:  2 - send_time: 12:24:05 - amount:304k $  - receiver: 0 - receive_time: 12:24:39
2024-04-26:12:24:39 sender:  0 - send_time: 12:24:05 - amount:923k $  - receiver: 1 - receive_time: 12:24:39
2024-04-26:12:24:39 sender:  1 - send_time: 12:24:36 - amount:2k $  - receiver: 0 - receive_time: 12:24:39
2024-04-26:12:24:39 sender:  2 - send_time: 12:24:07 - amount:153k $  - receiver: 0 - receive_time: 12:24:39
2024-04-26:12:24:40 sender:  2 - send_time: 12:24:06 - amount:108k $  - receiver: 1 - receive_time: 12:24:40
2024-04-26:12:24:41 sender:  0 - send_time: 12:24:13 - amount:250k $  - receiver: 2 - receive_time: 12:24:41
2024-04-26:12:24:42 sender:  0 - send_time: 12:24:14 - amount:435k $  - receiver: 2 - receive_time: 12:24:42
2024-04-26:12:24:43 sender:  2 - send_time: 12:24:10 - amount:894k $  - receiver: 1 - receive_time: 12:24:43
2024-04-26:12:24:44 sender:  2 - send_time: 12:24:10 - amount:746k $  - receiver: 0 - receive_time: 12:24:44
2024-04-26:12:24:44 sender:  0 - send_time: 12:24:07 - amount:833k $  - receiver: 1 - receive_time: 12:24:44
2024-04-26:12:24:44 sender:  0 - send_time: 12:24:15 - amount:448k $  - receiver: 2 - receive_time: 12:24:44
2024-04-26:12:24:45 sender:  1 - send_time: 12:24:27 - amount:797k $  - receiver: 2 - receive_time: 12:24:45
2024-04-26:12:24:45 sender:  1 - send_time: 12:24:41 - amount:313k $  - receiver: 0 - receive_time: 12:24:45
2024-04-26:12:24:46 sender:  2 - send_time: 12:24:12 - amount:917k $  - receiver: 1 - receive_time: 12:24:46
2024-04-26:12:24:47 sender:  2 - send_time: 12:24:47 - amount:596k $  - receiver: 0 - receive_time: 12:24:20
2024-04-26:12:24:47 sender:  2 - send_time: 12:24:15 - amount:146k $  - receiver: 1 - receive_time: 12:24:47
2024-04-26:12:24:47 sender:  0 - send_time: 12:24:08 - amount:448k $  - receiver: 1 - receive_time: 12:24:47
2024-04-26:12:24:48 sender:  1 - send_time: 12:24:33 - amount:195k $  - receiver: 2 - receive_time: 12:24:48
2024-04-26:12:24:48 sender:  2 - send_time: 12:24:19 - amount:39k $  - receiver: 1 - receive_time: 12:24:48
2024-04-26:12:24:48 sender:  1 - send_time: 12:24:36 - amount:482k $  - receiver: 2 - receive_time: 12:24:48
2024-04-26:12:24:48 sender:  0 - send_time: 12:24:22 - amount:802k $  - receiver: 2 - receive_time: 12:24:48
2024-04-26:12:24:49 sender:  2 - send_time: 12:24:12 - amount:451k $  - receiver: 0 - receive_time: 12:24:49
2024-04-26:12:24:49 sender:  0 - send_time: 12:24:24 - amount:990k $  - receiver: 2 - receive_time: 12:24:49
2024-04-26:12:24:50 sender:  0 - send_time: 12:24:10 - amount:86k $  - receiver: 1 - receive_time: 12:24:50
2024-04-26:12:24:50 sender:  2 - send_time: 12:24:16 - amount:581k $  - receiver: 0 - receive_time: 12:24:50
2024-04-26:12:24:50 sender:  1 - send_time: 12:24:44 - amount:489k $  - receiver: 0 - receive_time: 12:24:50
2024-04-26:12:24:51 sender:  2 - send_time: 12:24:22 - amount:102k $  - receiver: 1 - receive_time: 12:24:51
2024-04-26:12:24:51 sender:  0 - send_time: 12:24:26 - amount:712k $  - receiver: 2 - receive_time: 12:24:51
2024-04-26:12:24:52 sender:  1 - send_time: 12:24:51 - amount:313k $  - receiver: 0 - receive_time: 12:24:45
2024-04-26:12:24:52 sender:  2 - send_time: 12:24:18 - amount:939k $  - receiver: 0 - receive_time: 12:24:52
2024-04-26:12:24:53 sender:  2 - send_time: 12:24:20 - amount:227k $  - receiver: 0 - receive_time: 12:24:53
2024-04-26:12:24:53 sender:  2 - send_time: 12:24:23 - amount:194k $  - receiver: 1 - receive_time: 12:24:53
2024-04-26:12:24:53 sender:  1 - send_time: 12:24:40 - amount:380k $  - receiver: 2 - receive_time: 12:24:53
2024-04-26:12:24:54 sender:  1 - send_time: 12:24:48 - amount:702k $  - receiver: 0 - receive_time: 12:24:54
2024-04-26:12:24:55 sender:  0 - send_time: 12:24:13 - amount:698k $  - receiver: 1 - receive_time: 12:24:55
2024-04-26:12:24:56 sender:  1 - send_time: 12:24:51 - amount:313k $  - receiver: 0 - receive_time: 12:24:56
2024-04-26:12:24:57 sender:  2 - send_time: 12:24:25 - amount:623k $  - receiver: 1 - receive_time: 12:24:57
2024-04-26:12:24:57 sender:  2 - send_time: 12:24:22 - amount:240k $  - receiver: 0 - receive_time: 12:24:57
2024-04-26:12:24:58 sender:  2 - send_time: 12:24:26 - amount:490k $  - receiver: 0 - receive_time: 12:24:58
2024-04-26:12:24:58 sender:  1 - send_time: 12:24:43 - amount:736k $  - receiver: 2 - receive_time: 12:24:58
2024-04-26:12:24:58 sender:  1 - send_time: 12:24:53 - amount:937k $  - receiver: 0 - receive_time: 12:24:58
2024-04-26:12:24:58 sender:  2 - send_time: 12:24:26 - amount:609k $  - receiver: 1 - receive_time: 12:24:58
2024-04-26:12:24:59 sender:  1 - send_time: 12:24:44 - amount:610k $  - receiver: 2 - receive_time: 12:24:59
2024-04-26:12:24:59 sender:  0 - send_time: 12:24:14 - amount:238k $  - receiver: 1 - receive_time: 12:24:59
2024-04-26:12:24:59 sender:  2 - send_time: 12:24:29 - amount:155k $  - receiver: 0 - receive_time: 12:24:59
2024-04-26:12:24:59 sender:  2 - send_time: 12:24:59 - amount:611k $  - receiver: 0 - receive_time: 12:23:11
2024-04-26:12:25:00 sender:  0 - send_time: 12:24:32 - amount:228k $  - receiver: 2 - receive_time: 12:25:00
2024-04-26:12:25:00 sender:  0 - send_time: 12:24:18 - amount:176k $  - receiver: 1 - receive_time: 12:25:00
2024-04-26:12:25:01 sender:  1 - send_time: 12:24:56 - amount:365k $  - receiver: 0 - receive_time: 12:25:01
2024-04-26:12:25:01 sender:  1 - send_time: 12:24:45 - amount:340k $  - receiver: 2 - receive_time: 12:25:01
2024-04-26:12:25:02 sender:  2 - send_time: 12:24:28 - amount:889k $  - receiver: 1 - receive_time: 12:25:02
2024-04-26:12:25:02 sender:  2 - send_time: 12:24:29 - amount:984k $  - receiver: 1 - receive_time: 12:25:02
2024-04-26:12:25:03 sender:  1 - send_time: 12:24:47 - amount:954k $  - receiver: 2 - receive_time: 12:25:03
2024-04-26:12:25:03 sender:  0 - send_time: 12:24:33 - amount:170k $  - receiver: 2 - receive_time: 12:25:03
2024-04-26:12:25:03 sender:  0 - send_time: 12:24:21 - amount:662k $  - receiver: 1 - receive_time: 12:25:03
2024-04-26:12:25:04 sender:  2 - send_time: 12:24:37 - amount:755k $  - receiver: 0 - receive_time: 12:25:04
2024-04-26:12:25:04 sender:  1 - send_time: 12:24:49 - amount:374k $  - receiver: 2 - receive_time: 12:25:04
2024-04-26:12:25:05 sender:  2 - send_time: 12:24:34 - amount:454k $  - receiver: 1 - receive_time: 12:25:05
2024-04-26:12:25:06 sender:  0 - send_time: 12:24:34 - amount:743k $  - receiver: 2 - receive_time: 12:25:06
2024-04-26:12:25:07 sender:  1 - send_time: 12:24:51 - amount:708k $  - receiver: 2 - receive_time: 12:25:07
2024-04-26:12:25:07 sender:  0 - send_time: 12:24:22 - amount:964k $  - receiver: 1 - receive_time: 12:25:07
2024-04-26:12:25:07 sender:  1 - send_time: 12:24:56 - amount:611k $  - receiver: 2 - receive_time: 12:25:07
2024-04-26:12:25:07 sender:  2 - send_time: 12:24:42 - amount:444k $  - receiver: 0 - receive_time: 12:25:07
2024-04-26:12:25:09 sender:  0 - send_time: 12:24:25 - amount:362k $  - receiver: 1 - receive_time: 12:25:09
2024-04-26:12:25:09 sender:  2 - send_time: 12:24:36 - amount:503k $  - receiver: 1 - receive_time: 12:25:09
2024-04-26:12:25:10 sender:  1 - send_time: 12:24:57 - amount:115k $  - receiver: 2 - receive_time: 12:25:10
2024-04-26:12:25:11 sender:  1 - send_time: 12:25:01 - amount:996k $  - receiver: 2 - receive_time: 12:25:11
2024-04-26:12:25:11 sender:  0 - send_time: 12:24:35 - amount:672k $  - receiver: 2 - receive_time: 12:25:11
2024-04-26:12:25:11 sender:  2 - send_time: 12:24:38 - amount:482k $  - receiver: 1 - receive_time: 12:25:11
2024-04-26:12:25:11 sender:  2 - send_time: 12:25:11 - amount:894k $  - receiver: 1 - receive_time: 12:24:43
2024-04-26:12:25:11 sender:  1 - send_time: 12:25:07 - amount:264k $  - receiver: 0 - receive_time: 12:25:11
2024-04-26:12:25:12 sender:  0 - send_time: 12:24:38 - amount:333k $  - receiver: 2 - receive_time: 12:25:12
2024-04-26:12:25:12 sender:  2 - send_time: 12:24:47 - amount:596k $  - receiver: 0 - receive_time: 12:25:12
2024-04-26:12:25:13 sender:  0 - send_time: 12:24:45 - amount:828k $  - receiver: 2 - receive_time: 12:25:13
2024-04-26:12:25:14 sender:  0 - send_time: 12:24:27 - amount:121k $  - receiver: 1 - receive_time: 12:25:14
2024-04-26:12:25:14 sender:  2 - send_time: 12:24:39 - amount:735k $  - receiver: 1 - receive_time: 12:25:14
2024-04-26:12:25:15 sender:  2 - send_time: 12:24:48 - amount:262k $  - receiver: 0 - receive_time: 12:25:15
2024-04-26:12:25:15 sender:  1 - send_time: 12:25:08 - amount:822k $  - receiver: 0 - receive_time: 12:25:15
2024-04-26:12:25:15 sender:  1 - send_time: 12:25:04 - amount:488k $  - receiver: 2 - receive_time: 12:25:15
2024-04-26:12:25:16 sender:  2 - send_time: 12:24:42 - amount:103k $  - receiver: 1 - receive_time: 12:25:16
2024-04-26:12:25:17 sender:  2 - send_time: 12:24:44 - amount:729k $  - receiver: 1 - receive_time: 12:25:17
2024-04-26:12:25:17 sender:  0 - send_time: 12:24:46 - amount:120k $  - receiver: 2 - receive_time: 12:25:17
2024-04-26:12:25:17 sender:  2 - send_time: 12:24:45 - amount:790k $  - receiver: 1 - receive_time: 12:25:17
2024-04-26:12:25:17 sender:  0 - send_time: 12:24:50 - amount:148k $  - receiver: 2 - receive_time: 12:25:17
2024-04-26:12:25:18 sender:  2 - send_time: 12:24:49 - amount:453k $  - receiver: 0 - receive_time: 12:25:18
2024-04-26:12:25:18 sender:  2 - send_time: 12:24:48 - amount:900k $  - receiver: 1 - receive_time: 12:25:18
2024-04-26:12:25:18 sender:  0 - send_time: 12:24:52 - amount:864k $  - receiver: 2 - receive_time: 12:25:18
2024-04-26:12:25:19 sender:  1 - send_time: 12:25:06 - amount:294k $  - receiver: 2 - receive_time: 12:25:19
2024-04-26:12:25:19 sender:  1 - send_time: 12:25:15 - amount:930k $  - receiver: 0 - receive_time: 12:25:19
2024-04-26:12:25:20 sender:  0 - send_time: 12:24:29 - amount:544k $  - receiver: 1 - receive_time: 12:25:20
2024-04-26:12:25:20 sender:  0 - send_time: 12:24:55 - amount:13k $  - receiver: 2 - receive_time: 12:25:20
2024-04-26:12:25:21 sender:  2 - send_time: 12:24:50 - amount:531k $  - receiver: 1 - receive_time: 12:25:21
2024-04-26:12:25:21 sender:  1 - send_time: 12:25:16 - amount:914k $  - receiver: 0 - receive_time: 12:25:21
2024-04-26:12:25:22 sender:  2 - send_time: 12:24:53 - amount:904k $  - receiver: 0 - receive_time: 12:25:22
2024-04-26:12:25:23 sender:  0 - send_time: 12:24:32 - amount:202k $  - receiver: 1 - receive_time: 12:25:23
2024-04-26:12:25:24 sender:  1 - send_time: 12:25:08 - amount:133k $  - receiver: 2 - receive_time: 12:25:24
2024-04-26:12:25:24 sender:  0 - send_time: 12:24:56 - amount:265k $  - receiver: 2 - receive_time: 12:25:24
2024-04-26:12:25:24 sender:  2 - send_time: 12:24:55 - amount:614k $  - receiver: 0 - receive_time: 12:25:24
2024-04-26:12:25:25 sender:  2 - send_time: 12:24:51 - amount:609k $  - receiver: 1 - receive_time: 12:25:25
2024-04-26:12:25:25 sender:  0 - send_time: 12:24:33 - amount:554k $  - receiver: 1 - receive_time: 12:25:25
2024-04-26:12:25:25 sender:  2 - send_time: 12:24:52 - amount:617k $  - receiver: 1 - receive_time: 12:25:25
2024-04-26:12:25:25 sender:  0 - send_time: 12:24:58 - amount:932k $  - receiver: 2 - receive_time: 12:25:25
2024-04-26:12:25:26 sender:  1 - send_time: 12:25:19 - amount:707k $  - receiver: 0 - receive_time: 12:25:26
2024-04-26:12:25:27 sender:  1 - send_time: 12:25:09 - amount:789k $  - receiver: 2 - receive_time: 12:25:27
2024-04-26:12:25:27 sender:  2 - send_time: 12:24:53 - amount:107k $  - receiver: 1 - receive_time: 12:25:27
2024-04-26:12:25:28 sender:  0 - send_time: 12:24:35 - amount:829k $  - receiver: 1 - receive_time: 12:25:28
2024-04-26:12:25:29 sender:  0 - send_time: 12:25:02 - amount:838k $  - receiver: 2 - receive_time: 12:25:29
2024-04-26:12:25:30 sender:  2 - send_time: 12:24:57 - amount:926k $  - receiver: 0 - receive_time: 12:25:30
2024-04-26:12:25:30 sender:  1 - send_time: 12:25:10 - amount:431k $  - receiver: 2 - receive_time: 12:25:30
2024-04-26:12:25:30 sender:  1 - send_time: 12:25:21 - amount:372k $  - receiver: 0 - receive_time: 12:25:30
2024-04-26:12:25:31 sender:  1 - send_time: 12:25:22 - amount:884k $  - receiver: 0 - receive_time: 12:25:31
2024-04-26:12:25:32 sender:  2 - send_time: 12:24:55 - amount:650k $  - receiver: 1 - receive_time: 12:25:32
2024-04-26:12:25:33 sender:  0 - send_time: 12:24:37 - amount:219k $  - receiver: 1 - receive_time: 12:25:33
2024-04-26:12:25:33 sender:  0 - send_time: 12:25:04 - amount:138k $  - receiver: 2 - receive_time: 12:25:33
2024-04-26:12:25:34 sender:  1 - send_time: 12:25:33 - amount:822k $  - receiver: 0 - receive_time: 12:25:15
2024-04-26:12:25:34 sender:  1 - send_time: 12:25:12 - amount:820k $  - receiver: 2 - receive_time: 12:25:34
2024-04-26:12:25:35 sender:  2 - send_time: 12:24:59 - amount:611k $  - receiver: 0 - receive_time: 12:25:35
2024-04-26:12:25:35 sender:  0 - send_time: 12:24:42 - amount:289k $  - receiver: 1 - receive_time: 12:25:35
2024-04-26:12:25:35 sender:  1 - send_time: 12:25:24 - amount:153k $  - receiver: 0 - receive_time: 12:25:35
2024-04-26:12:25:35 sender:  2 - send_time: 12:24:57 - amount:752k $  - receiver: 1 - receive_time: 12:25:35
2024-04-26:12:25:37 sender:  0 - send_time: 12:25:07 - amount:859k $  - receiver: 2 - receive_time: 12:25:37
2024-04-26:12:25:37 sender:  2 - send_time: 12:25:01 - amount:460k $  - receiver: 0 - receive_time: 12:25:37
2024-04-26:12:25:37 sender:  2 - send_time: 12:25:00 - amount:127k $  - receiver: 1 - receive_time: 12:25:37
2024-04-26:12:25:38 sender:  1 - send_time: 12:25:27 - amount:786k $  - receiver: 0 - receive_time: 12:25:38
2024-04-26:12:25:39 sender:  1 - send_time: 12:25:15 - amount:376k $  - receiver: 2 - receive_time: 12:25:39
2024-04-26:12:25:40 sender:  0 - send_time: 12:24:44 - amount:848k $  - receiver: 1 - receive_time: 12:25:40
2024-04-26:12:25:40 sender:  0 - send_time: 12:25:09 - amount:730k $  - receiver: 2 - receive_time: 12:25:40
2024-04-26:12:25:40 sender:  1 - send_time: 12:25:31 - amount:705k $  - receiver: 0 - receive_time: 12:25:40
2024-04-26:12:25:41 sender:  2 - send_time: 12:25:03 - amount:814k $  - receiver: 0 - receive_time: 12:25:41
2024-04-26:12:25:42 sender:  2 - send_time: 12:25:42 - amount:546k $  - receiver: 0 - receive_time: 12:23:54
2024-04-26:12:25:42 sender:  1 - send_time: 12:25:33 - amount:822k $  - receiver: 0 - receive_time: 12:25:42
2024-04-26:12:25:42 sender:  2 - send_time: 12:25:01 - amount:794k $  - receiver: 1 - receive_time: 12:25:42
2024-04-26:12:25:43 
===========================================================================
Global Snapshot #3	Request Time:12:24:54	Preparation Time:12:25:43
Branch  0: Balance:988029k $     - In Channels: 0k $   
Branch  1: Balance:998286k $     - In Channels: 6919k $   
Branch  2: Balance:985388k $     - In Channels: 21710k $   
Total Balance: 3000332k $      
===========================================================================

2024-04-26:12:25:43 sender:  2 - send_time: 12:25:04 - amount:601k $  - receiver: 0 - receive_time: 12:25:43
2024-04-26:12:25:44 sender:  0 - send_time: 12:24:45 - amount:133k $  - receiver: 1 - receive_time: 12:25:44
2024-04-26:12:25:45 sender:  2 - send_time: 12:25:02 - amount:269k $  - receiver: 1 - receive_time: 12:25:45
2024-04-26:12:25:45 sender:  1 - send_time: 12:25:18 - amount:509k $  - receiver: 2 - receive_time: 12:25:45
2024-04-26:12:25:45 sender:  0 - send_time: 12:25:10 - amount:536k $  - receiver: 2 - receive_time: 12:25:45
2024-04-26:12:25:45 sender:  1 - send_time: 12:25:36 - amount:222k $  - receiver: 0 - receive_time: 12:25:45
2024-04-26:12:25:45 sender:  2 - send_time: 12:25:04 - amount:188k $  - receiver: 1 - receive_time: 12:25:45
2024-04-26:12:25:46 sender:  2 - send_time: 12:25:05 - amount:846k $  - receiver: 0 - receive_time: 12:25:46
2024-04-26:12:25:47 sender:  0 - send_time: 12:24:47 - amount:911k $  - receiver: 1 - receive_time: 12:25:47
2024-04-26:12:25:48 sender:  2 - send_time: 12:25:07 - amount:765k $  - receiver: 0 - receive_time: 12:25:48
2024-04-26:12:25:48 sender:  2 - send_time: 12:25:05 - amount:698k $  - receiver: 1 - receive_time: 12:25:48
2024-04-26:12:25:49 sender:  2 - send_time: 12:25:09 - amount:651k $  - receiver: 0 - receive_time: 12:25:49
2024-04-26:12:25:49 sender:  0 - send_time: 12:25:13 - amount:341k $  - receiver: 2 - receive_time: 12:25:49
2024-04-26:12:25:49 sender:  1 - send_time: 12:25:24 - amount:680k $  - receiver: 2 - receive_time: 12:25:49
2024-04-26:12:25:50 sender:  1 - send_time: 12:25:37 - amount:655k $  - receiver: 0 - receive_time: 12:25:50
2024-04-26:12:25:50 sender:  1 - send_time: 12:25:31 - amount:255k $  - receiver: 2 - receive_time: 12:25:50
2024-04-26:12:25:50 sender:  0 - send_time: 12:24:49 - amount:528k $  - receiver: 1 - receive_time: 12:25:50
2024-04-26:12:25:51 sender:  2 - send_time: 12:25:10 - amount:164k $  - receiver: 0 - receive_time: 12:25:51
2024-04-26:12:25:52 sender:  2 - send_time: 12:25:08 - amount:375k $  - receiver: 1 - receive_time: 12:25:52
2024-04-26:12:25:52 sender:  0 - send_time: 12:24:51 - amount:518k $  - receiver: 1 - receive_time: 12:25:52
2024-04-26:12:25:52 sender:  2 - send_time: 12:25:11 - amount:894k $  - receiver: 1 - receive_time: 12:25:52
2024-04-26:12:25:54 sender:  2 - send_time: 12:25:13 - amount:723k $  - receiver: 1 - receive_time: 12:25:54
2024-04-26:12:25:54 sender:  0 - send_time: 12:25:15 - amount:954k $  - receiver: 2 - receive_time: 12:25:54
2024-04-26:12:25:55 sender:  1 - send_time: 12:25:41 - amount:90k $  - receiver: 0 - receive_time: 12:25:55
2024-04-26:12:25:55 sender:  1 - send_time: 12:25:33 - amount:470k $  - receiver: 2 - receive_time: 12:25:55
2024-04-26:12:25:55 sender:  1 - send_time: 12:25:42 - amount:613k $  - receiver: 0 - receive_time: 12:25:55
2024-04-26:12:25:55 sender:  0 - send_time: 12:24:54 - amount:575k $  - receiver: 1 - receive_time: 12:25:55
2024-04-26:12:25:56 sender:  1 - send_time: 12:25:44 - amount:89k $  - receiver: 0 - receive_time: 12:25:56
2024-04-26:12:25:56 sender:  2 - send_time: 12:25:14 - amount:815k $  - receiver: 0 - receive_time: 12:25:56
2024-04-26:12:25:56 sender:  2 - send_time: 12:25:16 - amount:501k $  - receiver: 1 - receive_time: 12:25:56
2024-04-26:12:25:57 sender:  1 - send_time: 12:25:46 - amount:361k $  - receiver: 0 - receive_time: 12:25:57
2024-04-26:12:25:57 sender:  0 - send_time: 12:25:19 - amount:286k $  - receiver: 2 - receive_time: 12:25:57
2024-04-26:12:25:57 sender:  1 - send_time: 12:25:34 - amount:889k $  - receiver: 2 - receive_time: 12:25:57
2024-04-26:12:25:58 sender:  2 - send_time: 12:25:19 - amount:883k $  - receiver: 1 - receive_time: 12:25:58
2024-04-26:12:25:58 sender:  1 - send_time: 12:25:58 - amount:89k $  - receiver: 0 - receive_time: 12:25:56
2024-04-26:12:25:58 sender:  2 - send_time: 12:25:21 - amount:574k $  - receiver: 1 - receive_time: 12:25:58
2024-04-26:12:25:59 sender:  2 - send_time: 12:25:17 - amount:297k $  - receiver: 0 - receive_time: 12:25:59
2024-04-26:12:26:00 sender:  0 - send_time: 12:24:56 - amount:966k $  - receiver: 1 - receive_time: 12:26:00
2024-04-26:12:26:00 sender:  0 - send_time: 12:25:20 - amount:724k $  - receiver: 2 - receive_time: 12:26:00
2024-04-26:12:26:00 sender:  2 - send_time: 12:26:00 - amount:646k $  - receiver: 1 - receive_time: 12:24:23
2024-04-26:12:26:01 sender:  1 - send_time: 12:25:39 - amount:902k $  - receiver: 2 - receive_time: 12:26:01
2024-04-26:12:26:01 sender:  1 - send_time: 12:25:48 - amount:726k $  - receiver: 0 - receive_time: 12:26:01
2024-04-26:12:26:02 sender:  2 - send_time: 12:25:23 - amount:921k $  - receiver: 1 - receive_time: 12:26:02
2024-04-26:12:26:02 sender:  2 - send_time: 12:25:19 - amount:549k $  - receiver: 0 - receive_time: 12:26:02
2024-04-26:12:26:03 sender:  0 - send_time: 12:24:58 - amount:428k $  - receiver: 1 - receive_time: 12:26:03
2024-04-26:12:26:03 sender:  0 - send_time: 12:25:24 - amount:789k $  - receiver: 2 - receive_time: 12:26:03
2024-04-26:12:26:03 sender:  1 - send_time: 12:25:42 - amount:57k $  - receiver: 2 - receive_time: 12:26:03
2024-04-26:12:26:04 sender:  1 - send_time: 12:26:04 - amount:897k $  - receiver: 0 - receive_time: 12:22:46
2024-04-26:12:26:04 sender:  2 - send_time: 12:25:20 - amount:790k $  - receiver: 0 - receive_time: 12:26:04
2024-04-26:12:26:06 sender:  0 - send_time: 12:25:01 - amount:459k $  - receiver: 1 - receive_time: 12:26:06
2024-04-26:12:26:06 sender:  0 - send_time: 12:25:26 - amount:211k $  - receiver: 2 - receive_time: 12:26:06
2024-04-26:12:26:06 sender:  1 - send_time: 12:25:50 - amount:970k $  - receiver: 0 - receive_time: 12:26:06
2024-04-26:12:26:07 sender:  0 - send_time: 12:26:06 - amount:442k $  - receiver: 2 - receive_time: 12:24:15
2024-04-26:12:26:07 sender:  2 - send_time: 12:25:28 - amount:840k $  - receiver: 1 - receive_time: 12:26:07
2024-04-26:12:26:07 sender:  0 - send_time: 12:25:31 - amount:724k $  - receiver: 2 - receive_time: 12:26:07
2024-04-26:12:26:07 sender:  2 - send_time: 12:25:21 - amount:63k $  - receiver: 0 - receive_time: 12:26:07
2024-04-26:12:26:08 sender:  2 - send_time: 12:25:29 - amount:493k $  - receiver: 1 - receive_time: 12:26:08
2024-04-26:12:26:08 sender:  1 - send_time: 12:25:44 - amount:794k $  - receiver: 2 - receive_time: 12:26:08
2024-04-26:12:26:09 sender:  1 - send_time: 12:25:56 - amount:947k $  - receiver: 0 - receive_time: 12:26:09
2024-04-26:12:26:09 sender:  0 - send_time: 12:25:32 - amount:248k $  - receiver: 2 - receive_time: 12:26:09
2024-04-26:12:26:09 sender:  0 - send_time: 12:25:34 - amount:230k $  - receiver: 2 - receive_time: 12:26:09
2024-04-26:12:26:10 sender:  1 - send_time: 12:25:49 - amount:573k $  - receiver: 2 - receive_time: 12:26:10
2024-04-26:12:26:10 sender:  2 - send_time: 12:25:24 - amount:705k $  - receiver: 0 - receive_time: 12:26:10
2024-04-26:12:26:11 sender:  0 - send_time: 12:25:02 - amount:381k $  - receiver: 1 - receive_time: 12:26:11
2024-04-26:12:26:11 sender:  1 - send_time: 12:25:52 - amount:854k $  - receiver: 2 - receive_time: 12:26:11
2024-04-26:12:26:11 sender:  2 - send_time: 12:26:11 - amount:164k $  - receiver: 0 - receive_time: 12:25:51
2024-04-26:12:26:12 sender:  2 - send_time: 12:25:26 - amount:655k $  - receiver: 0 - receive_time: 12:26:12
2024-04-26:12:26:12 sender:  1 - send_time: 12:25:56 - amount:822k $  - receiver: 2 - receive_time: 12:26:12
2024-04-26:12:26:12 sender:  2 - send_time: 12:26:12 - amount:39k $  - receiver: 1 - receive_time: 12:24:48
2024-04-26:12:26:13 sender:  2 - send_time: 12:25:27 - amount:752k $  - receiver: 0 - receive_time: 12:26:13
2024-04-26:12:26:13 sender:  2 - send_time: 12:25:34 - amount:434k $  - receiver: 1 - receive_time: 12:26:13
2024-04-26:12:26:13 sender:  1 - send_time: 12:25:58 - amount:550k $  - receiver: 2 - receive_time: 12:26:13
2024-04-26:12:26:13 sender:  0 - send_time: 12:25:39 - amount:477k $  - receiver: 2 - receive_time: 12:26:13
2024-04-26:12:26:14 sender:  1 - send_time: 12:25:58 - amount:89k $  - receiver: 0 - receive_time: 12:26:14
2024-04-26:12:26:14 sender:  0 - send_time: 12:25:04 - amount:5k $  - receiver: 1 - receive_time: 12:26:14
2024-04-26:12:26:14 sender:  1 - send_time: 12:26:01 - amount:920k $  - receiver: 2 - receive_time: 12:26:14
2024-04-26:12:26:15 sender:  0 - send_time: 12:25:08 - amount:338k $  - receiver: 1 - receive_time: 12:26:15
2024-04-26:12:26:15 sender:  2 - send_time: 12:25:35 - amount:813k $  - receiver: 1 - receive_time: 12:26:15
2024-04-26:12:26:16 sender:  0 - send_time: 12:25:41 - amount:387k $  - receiver: 2 - receive_time: 12:26:16
2024-04-26:12:26:17 sender:  0 - send_time: 12:25:15 - amount:368k $  - receiver: 1 - receive_time: 12:26:17
2024-04-26:12:26:17 sender:  1 - send_time: 12:25:59 - amount:394k $  - receiver: 0 - receive_time: 12:26:17
2024-04-26:12:26:17 sender:  2 - send_time: 12:25:30 - amount:677k $  - receiver: 0 - receive_time: 12:26:17
2024-04-26:12:26:18 sender:  1 - send_time: 12:26:03 - amount:936k $  - receiver: 2 - receive_time: 12:26:18
2024-04-26:12:26:19 sender:  1 - send_time: 12:26:19 - amount:707k $  - receiver: 0 - receive_time: 12:25:26
2024-04-26:12:26:20 sender:  0 - send_time: 12:25:43 - amount:560k $  - receiver: 2 - receive_time: 12:26:20
2024-04-26:12:26:20 sender:  2 - send_time: 12:25:37 - amount:814k $  - receiver: 1 - receive_time: 12:26:20
2024-04-26:12:26:21 sender:  0 - send_time: 12:25:16 - amount:345k $  - receiver: 1 - receive_time: 12:26:21
2024-04-26:12:26:21 sender:  1 - send_time: 12:26:04 - amount:897k $  - receiver: 0 - receive_time: 12:26:21
2024-04-26:12:26:21 sender:  0 - send_time: 12:25:46 - amount:279k $  - receiver: 2 - receive_time: 12:26:21
2024-04-26:12:26:21 sender:  2 - send_time: 12:26:21 - amount:269k $  - receiver: 1 - receive_time: 12:25:45
2024-04-26:12:26:22 sender:  2 - send_time: 12:25:38 - amount:466k $  - receiver: 1 - receive_time: 12:26:22
2024-04-26:12:26:23 sender:  2 - send_time: 12:25:32 - amount:998k $  - receiver: 0 - receive_time: 12:26:23
2024-04-26:12:26:23 sender:  0 - send_time: 12:25:17 - amount:832k $  - receiver: 1 - receive_time: 12:26:23
2024-04-26:12:26:23 sender:  1 - send_time: 12:26:05 - amount:80k $  - receiver: 2 - receive_time: 12:26:23
2024-04-26:12:26:23 sender:  2 - send_time: 12:25:34 - amount:297k $  - receiver: 0 - receive_time: 12:26:23
2024-04-26:12:26:24 sender:  1 - send_time: 12:26:08 - amount:564k $  - receiver: 0 - receive_time: 12:26:24
2024-04-26:12:26:25 sender:  0 - send_time: 12:25:47 - amount:637k $  - receiver: 2 - receive_time: 12:26:25
2024-04-26:12:26:25 sender:  0 - send_time: 12:25:51 - amount:991k $  - receiver: 2 - receive_time: 12:26:25
2024-04-26:12:26:26 sender:  0 - send_time: 12:25:18 - amount:294k $  - receiver: 1 - receive_time: 12:26:26
2024-04-26:12:26:27 sender:  2 - send_time: 12:25:40 - amount:552k $  - receiver: 1 - receive_time: 12:26:27
2024-04-26:12:26:27 sender:  1 - send_time: 12:26:09 - amount:40k $  - receiver: 0 - receive_time: 12:26:27
2024-04-26:12:26:27 sender:  0 - send_time: 12:25:20 - amount:15k $  - receiver: 1 - receive_time: 12:26:27
2024-04-26:12:26:28 sender:  1 - send_time: 12:26:08 - amount:44k $  - receiver: 2 - receive_time: 12:26:28
2024-04-26:12:26:28 sender:  1 - send_time: 12:26:12 - amount:488k $  - receiver: 0 - receive_time: 12:26:28
2024-04-26:12:26:28 sender:  2 - send_time: 12:25:35 - amount:940k $  - receiver: 0 - receive_time: 12:26:28
2024-04-26:12:26:29 sender:  2 - send_time: 12:25:42 - amount:64k $  - receiver: 1 - receive_time: 12:26:29
2024-04-26:12:26:29 sender:  1 - send_time: 12:26:16 - amount:293k $  - receiver: 0 - receive_time: 12:26:29
2024-04-26:12:26:29 sender:  0 - send_time: 12:25:21 - amount:786k $  - receiver: 1 - receive_time: 12:26:29
2024-04-26:12:26:30 sender:  1 - send_time: 12:26:19 - amount:707k $  - receiver: 0 - receive_time: 12:26:30
2024-04-26:12:26:30 sender:  0 - send_time: 12:25:54 - amount:227k $  - receiver: 2 - receive_time: 12:26:30
2024-04-26:12:26:31 sender:  1 - send_time: 12:26:13 - amount:81k $  - receiver: 2 - receive_time: 12:26:31
2024-04-26:12:26:31 sender:  2 - send_time: 12:25:37 - amount:895k $  - receiver: 0 - receive_time: 12:26:31
2024-04-26:12:26:31 sender:  1 - send_time: 12:26:24 - amount:843k $  - receiver: 0 - receive_time: 12:26:31
2024-04-26:12:26:32 sender:  0 - send_time: 12:25:28 - amount:796k $  - receiver: 1 - receive_time: 12:26:32
2024-04-26:12:26:32 sender:  1 - send_time: 12:26:32 - amount:655k $  - receiver: 0 - receive_time: 12:25:50
2024-04-26:12:26:33 sender:  2 - send_time: 12:25:38 - amount:269k $  - receiver: 0 - receive_time: 12:26:33
2024-04-26:12:26:34 sender:  2 - send_time: 12:26:33 - amount:274k $  - receiver: 1 - receive_time: 12:23:45
2024-04-26:12:26:34 sender:  2 - send_time: 12:25:43 - amount:630k $  - receiver: 1 - receive_time: 12:26:34
2024-04-26:12:26:35 sender:  1 - send_time: 12:26:18 - amount:312k $  - receiver: 2 - receive_time: 12:26:35
2024-04-26:12:26:35 sender:  0 - send_time: 12:25:56 - amount:600k $  - receiver: 2 - receive_time: 12:26:35
2024-04-26:12:26:35 sender:  2 - send_time: 12:25:44 - amount:843k $  - receiver: 1 - receive_time: 12:26:35
2024-04-26:12:26:36 sender:  1 - send_time: 12:26:29 - amount:517k $  - receiver: 0 - receive_time: 12:26:36
2024-04-26:12:26:36 sender:  0 - send_time: 12:25:58 - amount:162k $  - receiver: 2 - receive_time: 12:26:36
2024-04-26:12:26:37 sender:  0 - send_time: 12:25:30 - amount:425k $  - receiver: 1 - receive_time: 12:26:37
2024-04-26:12:26:38 sender:  2 - send_time: 12:25:40 - amount:506k $  - receiver: 0 - receive_time: 12:26:38
2024-04-26:12:26:39 sender:  1 - send_time: 12:26:21 - amount:303k $  - receiver: 2 - receive_time: 12:26:39
2024-04-26:12:26:40 sender:  0 - send_time: 12:26:01 - amount:845k $  - receiver: 2 - receive_time: 12:26:40
2024-04-26:12:26:41 sender:  1 - send_time: 12:26:22 - amount:590k $  - receiver: 2 - receive_time: 12:26:41
2024-04-26:12:26:41 sender:  0 - send_time: 12:25:33 - amount:812k $  - receiver: 1 - receive_time: 12:26:41
2024-04-26:12:26:41 sender:  1 - send_time: 12:26:32 - amount:655k $  - receiver: 0 - receive_time: 12:26:41
2024-04-26:12:26:41 sender:  0 - send_time: 12:26:03 - amount:904k $  - receiver: 2 - receive_time: 12:26:41
2024-04-26:12:26:42 sender:  2 - send_time: 12:25:46 - amount:498k $  - receiver: 1 - receive_time: 12:26:42
2024-04-26:12:26:42 sender:  1 - send_time: 12:26:35 - amount:935k $  - receiver: 0 - receive_time: 12:26:42
2024-04-26:12:26:43 sender:  2 - send_time: 12:25:42 - amount:546k $  - receiver: 0 - receive_time: 12:26:43
2024-04-26:12:26:43 sender:  1 - send_time: 12:26:25 - amount:905k $  - receiver: 2 - receive_time: 12:26:43
2024-04-26:12:26:44 sender:  2 - send_time: 12:25:43 - amount:237k $  - receiver: 0 - receive_time: 12:26:44
2024-04-26:12:26:44 sender:  1 - send_time: 12:26:31 - amount:236k $  - receiver: 2 - receive_time: 12:26:44
2024-04-26:12:26:44 sender:  1 - send_time: 12:26:37 - amount:669k $  - receiver: 0 - receive_time: 12:26:44
2024-04-26:12:26:45 sender:  0 - send_time: 12:25:36 - amount:855k $  - receiver: 1 - receive_time: 12:26:45
2024-04-26:12:26:45 sender:  1 - send_time: 12:26:32 - amount:810k $  - receiver: 2 - receive_time: 12:26:45
2024-04-26:12:26:45 sender:  1 - send_time: 12:26:45 - amount:935k $  - receiver: 0 - receive_time: 12:26:42
2024-04-26:12:26:46 sender:  2 - send_time: 12:25:45 - amount:836k $  - receiver: 0 - receive_time: 12:26:46
2024-04-26:12:26:46 sender:  0 - send_time: 12:25:39 - amount:511k $  - receiver: 1 - receive_time: 12:26:46
2024-04-26:12:26:47 sender:  0 - send_time: 12:26:05 - amount:804k $  - receiver: 2 - receive_time: 12:26:47
2024-04-26:12:26:47 sender:  2 - send_time: 12:25:49 - amount:651k $  - receiver: 1 - receive_time: 12:26:47
2024-04-26:12:26:47 sender:  0 - send_time: 12:25:43 - amount:15k $  - receiver: 1 - receive_time: 12:26:47
2024-04-26:12:26:48 sender:  0 - send_time: 12:26:06 - amount:442k $  - receiver: 2 - receive_time: 12:26:48
2024-04-26:12:26:48 sender:  1 - send_time: 12:26:38 - amount:484k $  - receiver: 2 - receive_time: 12:26:48
2024-04-26:12:26:48 sender:  0 - send_time: 12:25:45 - amount:153k $  - receiver: 1 - receive_time: 12:26:48
2024-04-26:12:26:49 sender:  0 - send_time: 12:25:49 - amount:288k $  - receiver: 1 - receive_time: 12:26:49
2024-04-26:12:26:50 sender:  0 - send_time: 12:26:11 - amount:184k $  - receiver: 2 - receive_time: 12:26:50
2024-04-26:12:26:50 sender:  2 - send_time: 12:25:51 - amount:134k $  - receiver: 0 - receive_time: 12:26:50
2024-04-26:12:26:50 sender:  2 - send_time: 12:25:58 - amount:496k $  - receiver: 1 - receive_time: 12:26:50
2024-04-26:12:26:50 sender:  0 - send_time: 12:25:50 - amount:432k $  - receiver: 1 - receive_time: 12:26:50
2024-04-26:12:26:51 sender:  0 - send_time: 12:26:13 - amount:431k $  - receiver: 2 - receive_time: 12:26:51
2024-04-26:12:26:51 sender:  1 - send_time: 12:26:40 - amount:67k $  - receiver: 2 - receive_time: 12:26:51
2024-04-26:12:26:51 sender:  2 - send_time: 12:25:55 - amount:537k $  - receiver: 0 - receive_time: 12:26:51
2024-04-26:12:26:52 sender:  0 - send_time: 12:25:53 - amount:905k $  - receiver: 1 - receive_time: 12:26:52
2024-04-26:12:26:52 sender:  1 - send_time: 12:26:39 - amount:826k $  - receiver: 0 - receive_time: 12:26:52
2024-04-26:12:26:53 sender:  0 - send_time: 12:25:54 - amount:194k $  - receiver: 1 - receive_time: 12:26:53
2024-04-26:12:26:54 sender:  2 - send_time: 12:25:59 - amount:261k $  - receiver: 1 - receive_time: 12:26:54
2024-04-26:12:26:54 sender:  1 - send_time: 12:26:54 - amount:705k $  - receiver: 2 - receive_time: 12:23:58
2024-04-26:12:26:54 sender:  0 - send_time: 12:26:15 - amount:549k $  - receiver: 2 - receive_time: 12:26:54
2024-04-26:12:26:55 sender:  1 - send_time: 12:26:42 - amount:223k $  - receiver: 2 - receive_time: 12:26:55
2024-04-26:12:26:56 sender:  1 - send_time: 12:26:40 - amount:860k $  - receiver: 0 - receive_time: 12:26:56
2024-04-26:12:26:56 sender:  1 - send_time: 12:26:55 - amount:780k $  - receiver: 2 - receive_time: 12:24:38
2024-04-26:12:26:56 sender:  2 - send_time: 12:25:59 - amount:940k $  - receiver: 0 - receive_time: 12:26:56
2024-04-26:12:26:56 sender:  0 - send_time: 12:26:16 - amount:998k $  - receiver: 2 - receive_time: 12:26:56
2024-04-26:12:26:56 sender:  2 - send_time: 12:26:01 - amount:199k $  - receiver: 0 - receive_time: 12:26:56
2024-04-26:12:26:57 sender:  2 - send_time: 12:26:00 - amount:646k $  - receiver: 1 - receive_time: 12:26:57
2024-04-26:12:26:58 sender:  2 - send_time: 12:26:58 - amount:493k $  - receiver: 1 - receive_time: 12:26:08
2024-04-26:12:26:58 sender:  0 - send_time: 12:25:57 - amount:674k $  - receiver: 1 - receive_time: 12:26:58
2024-04-26:12:26:59 sender:  0 - send_time: 12:25:59 - amount:401k $  - receiver: 1 - receive_time: 12:26:59
2024-04-26:12:26:59 sender:  0 - send_time: 12:26:19 - amount:126k $  - receiver: 2 - receive_time: 12:26:59
2024-04-26:12:26:59 sender:  1 - send_time: 12:26:43 - amount:315k $  - receiver: 0 - receive_time: 12:26:59
2024-04-26:12:27:00 sender:  1 - send_time: 12:26:43 - amount:925k $  - receiver: 2 - receive_time: 12:27:00
2024-04-26:12:27:00 sender:  2 - send_time: 12:27:00 - amount:677k $  - receiver: 0 - receive_time: 12:26:17
2024-04-26:12:27:00 sender:  2 - send_time: 12:26:04 - amount:233k $  - receiver: 1 - receive_time: 12:27:00
2024-04-26:12:27:01 sender:  1 - send_time: 12:26:44 - amount:319k $  - receiver: 2 - receive_time: 12:27:01
2024-04-26:12:27:01 sender:  1 - send_time: 12:26:45 - amount:935k $  - receiver: 0 - receive_time: 12:27:01
2024-04-26:12:27:02 sender:  2 - send_time: 12:26:03 - amount:637k $  - receiver: 0 - receive_time: 12:27:02
2024-04-26:12:27:02 sender:  2 - send_time: 12:26:06 - amount:434k $  - receiver: 1 - receive_time: 12:27:02
2024-04-26:12:27:03 sender:  0 - send_time: 12:26:20 - amount:843k $  - receiver: 2 - receive_time: 12:27:03
2024-04-26:12:27:03 sender:  1 - send_time: 12:26:46 - amount:875k $  - receiver: 2 - receive_time: 12:27:03
2024-04-26:12:27:03 sender:  1 - send_time: 12:26:47 - amount:242k $  - receiver: 0 - receive_time: 12:27:03
2024-04-26:12:27:04 sender:  0 - send_time: 12:26:03 - amount:431k $  - receiver: 1 - receive_time: 12:27:04
2024-04-26:12:27:04 sender:  0 - send_time: 12:26:26 - amount:693k $  - receiver: 2 - receive_time: 12:27:04
2024-04-26:12:27:05 sender:  2 - send_time: 12:26:08 - amount:607k $  - receiver: 1 - receive_time: 12:27:05
2024-04-26:12:27:05 sender:  1 - send_time: 12:26:47 - amount:838k $  - receiver: 2 - receive_time: 12:27:05
2024-04-26:12:27:06 sender:  1 - send_time: 12:26:54 - amount:705k $  - receiver: 2 - receive_time: 12:27:06
2024-04-26:12:27:07 sender:  2 - send_time: 12:26:05 - amount:193k $  - receiver: 0 - receive_time: 12:27:07
2024-04-26:12:27:07 sender:  0 - send_time: 12:26:27 - amount:854k $  - receiver: 2 - receive_time: 12:27:07
2024-04-26:12:27:08 sender:  0 - send_time: 12:26:06 - amount:454k $  - receiver: 1 - receive_time: 12:27:08
2024-04-26:12:27:08 sender:  1 - send_time: 12:26:49 - amount:663k $  - receiver: 0 - receive_time: 12:27:08
2024-04-26:12:27:08 sender:  1 - send_time: 12:24:23 - amount:780k $  - receiver: 2 - receive_time: 12:27:08
2024-04-26:12:27:08 sender:  0 - send_time: 12:26:29 - amount:499k $  - receiver: 2 - receive_time: 12:27:08
2024-04-26:12:27:09 sender:  2 - send_time: 12:26:11 - amount:519k $  - receiver: 1 - receive_time: 12:27:09
2024-04-26:12:27:11 sender:  2 - send_time: 12:26:12 - amount:39k $  - receiver: 1 - receive_time: 12:27:11
2024-04-26:12:27:11 sender:  1 - send_time: 12:26:54 - amount:201k $  - receiver: 0 - receive_time: 12:27:11
2024-04-26:12:27:12 sender:  2 - send_time: 12:26:11 - amount:164k $  - receiver: 0 - receive_time: 12:27:12
2024-04-26:12:27:13 sender:  0 - send_time: 12:26:07 - amount:260k $  - receiver: 1 - receive_time: 12:27:13
2024-04-26:12:27:13 sender:  0 - send_time: 12:26:31 - amount:915k $  - receiver: 2 - receive_time: 12:27:13
2024-04-26:12:27:13 sender:  0 - send_time: 12:26:08 - amount:756k $  - receiver: 1 - receive_time: 12:27:13
2024-04-26:12:27:15 sender:  0 - send_time: 12:26:09 - amount:422k $  - receiver: 1 - receive_time: 12:27:15
2024-04-26:12:27:15 sender:  2 - send_time: 12:26:14 - amount:979k $  - receiver: 0 - receive_time: 12:27:15
2024-04-26:12:27:16 sender:  2 - send_time: 12:26:15 - amount:26k $  - receiver: 1 - receive_time: 12:27:16
2024-04-26:12:27:17 sender:  1 - send_time: 12:26:55 - amount:708k $  - receiver: 0 - receive_time: 12:27:17
2024-04-26:12:27:17 sender:  1 - send_time: 12:27:17 - amount:63k $  - receiver: 0 - receive_time: 12:23:05
2024-04-26:12:27:17 sender:  2 - send_time: 12:26:17 - amount:376k $  - receiver: 1 - receive_time: 12:27:17
2024-04-26:12:27:18 sender:  1 - send_time: 12:26:59 - amount:454k $  - receiver: 2 - receive_time: 12:27:18
2024-04-26:12:27:18 sender:  0 - send_time: 12:26:11 - amount:441k $  - receiver: 1 - receive_time: 12:27:18
2024-04-26:12:27:18 sender:  0 - send_time: 12:26:33 - amount:587k $  - receiver: 2 - receive_time: 12:27:18
2024-04-26:12:27:19 sender:  2 - send_time: 12:26:20 - amount:332k $  - receiver: 1 - receive_time: 12:27:19
2024-04-26:12:27:19 sender:  0 - send_time: 12:26:12 - amount:311k $  - receiver: 1 - receive_time: 12:27:19
2024-04-26:12:27:19 sender:  2 - send_time: 12:26:17 - amount:85k $  - receiver: 0 - receive_time: 12:27:19
2024-04-26:12:27:19 sender:  1 - send_time: 12:27:03 - amount:232k $  - receiver: 2 - receive_time: 12:27:19
2024-04-26:12:27:19 sender:  2 - send_time: 12:26:21 - amount:269k $  - receiver: 1 - receive_time: 12:27:19
2024-04-26:12:27:21 sender:  2 - send_time: 12:26:23 - amount:393k $  - receiver: 1 - receive_time: 12:27:21
2024-04-26:12:27:22 sender:  0 - send_time: 12:26:36 - amount:770k $  - receiver: 2 - receive_time: 12:27:22
2024-04-26:12:27:22 sender:  2 - send_time: 12:26:19 - amount:628k $  - receiver: 0 - receive_time: 12:27:22
2024-04-26:12:27:22 sender:  0 - send_time: 12:26:41 - amount:54k $  - receiver: 2 - receive_time: 12:27:22
2024-04-26:12:27:23 sender:  1 - send_time: 12:26:58 - amount:573k $  - receiver: 0 - receive_time: 12:27:23
2024-04-26:12:27:23 sender:  0 - send_time: 12:26:17 - amount:607k $  - receiver: 1 - receive_time: 12:27:23
2024-04-26:12:27:23 sender:  1 - send_time: 12:27:05 - amount:890k $  - receiver: 2 - receive_time: 12:27:23
2024-04-26:12:27:23 sender:  0 - send_time: 12:26:19 - amount:314k $  - receiver: 1 - receive_time: 12:27:23
2024-04-26:12:27:24 sender:  2 - send_time: 12:26:21 - amount:582k $  - receiver: 0 - receive_time: 12:27:24
2024-04-26:12:27:24 sender:  0 - send_time: 12:26:24 - amount:190k $  - receiver: 1 - receive_time: 12:27:24
2024-04-26:12:27:24 sender:  1 - send_time: 12:27:07 - amount:870k $  - receiver: 2 - receive_time: 12:27:24
2024-04-26:12:27:25 sender:  1 - send_time: 12:27:12 - amount:452k $  - receiver: 2 - receive_time: 12:27:25
2024-04-26:12:27:25 sender:  2 - send_time: 12:26:25 - amount:433k $  - receiver: 1 - receive_time: 12:27:25
2024-04-26:12:27:26 sender:  0 - send_time: 12:26:45 - amount:920k $  - receiver: 2 - receive_time: 12:27:26
2024-04-26:12:27:26 sender:  2 - send_time: 12:26:23 - amount:236k $  - receiver: 0 - receive_time: 12:27:26
2024-04-26:12:27:27 sender:  1 - send_time: 12:27:00 - amount:187k $  - receiver: 0 - receive_time: 12:27:27
2024-04-26:12:27:27 sender:  2 - send_time: 12:26:26 - amount:687k $  - receiver: 0 - receive_time: 12:27:27
2024-04-26:12:27:28 sender:  1 - send_time: 12:27:15 - amount:96k $  - receiver: 2 - receive_time: 12:27:28
2024-04-26:12:27:28 sender:  0 - send_time: 12:26:28 - amount:598k $  - receiver: 1 - receive_time: 12:27:28
2024-04-26:12:27:29 sender:  2 - send_time: 12:26:29 - amount:514k $  - receiver: 0 - receive_time: 12:27:29
2024-04-26:12:27:29 sender:  1 - send_time: 12:27:04 - amount:346k $  - receiver: 0 - receive_time: 12:27:29
2024-04-26:12:27:29 sender:  0 - send_time: 12:27:29 - amount:126k $  - receiver: 2 - receive_time: 12:26:59
2024-04-26:12:27:30 sender:  2 - send_time: 12:26:31 - amount:467k $  - receiver: 0 - receive_time: 12:27:30
2024-04-26:12:27:30 sender:  2 - send_time: 12:26:31 - amount:270k $  - receiver: 1 - receive_time: 12:27:30
2024-04-26:12:27:31 sender:  2 - send_time: 12:26:33 - amount:646k $  - receiver: 0 - receive_time: 12:27:31
2024-04-26:12:27:31 sender:  0 - send_time: 12:26:29 - amount:64k $  - receiver: 1 - receive_time: 12:27:31
2024-04-26:12:27:33 sender:  1 - send_time: 12:27:17 - amount:678k $  - receiver: 2 - receive_time: 12:27:33
2024-04-26:12:27:33 sender:  0 - send_time: 12:26:50 - amount:126k $  - receiver: 2 - receive_time: 12:27:33
2024-04-26:12:27:33 sender:  2 - send_time: 12:26:33 - amount:274k $  - receiver: 1 - receive_time: 12:27:33
2024-04-26:12:27:33 sender:  1 - send_time: 12:27:33 - amount:727k $  - receiver: 2 - receive_time: 12:24:34
2024-04-26:12:27:34 sender:  1 - send_time: 12:27:05 - amount:811k $  - receiver: 0 - receive_time: 12:27:34
2024-04-26:12:27:34 sender:  1 - send_time: 12:27:34 - amount:708k $  - receiver: 2 - receive_time: 12:25:07
2024-04-26:12:27:35 sender:  2 - send_time: 12:26:35 - amount:677k $  - receiver: 1 - receive_time: 12:27:35
2024-04-26:12:27:36 sender:  2 - send_time: 12:26:34 - amount:587k $  - receiver: 0 - receive_time: 12:27:36
2024-04-26:12:27:36 sender:  0 - send_time: 12:26:32 - amount:137k $  - receiver: 1 - receive_time: 12:27:36
2024-04-26:12:27:36 sender:  0 - send_time: 12:26:33 - amount:232k $  - receiver: 1 - receive_time: 12:27:36
2024-04-26:12:27:36 sender:  0 - send_time: 12:26:52 - amount:60k $  - receiver: 2 - receive_time: 12:27:36
2024-04-26:12:27:37 sender:  1 - send_time: 12:27:20 - amount:190k $  - receiver: 2 - receive_time: 12:27:37
2024-04-26:12:27:37 sender:  0 - send_time: 12:26:53 - amount:445k $  - receiver: 2 - receive_time: 12:27:37
2024-04-26:12:27:38 sender:  2 - send_time: 12:26:37 - amount:628k $  - receiver: 1 - receive_time: 12:27:38
2024-04-26:12:27:39 sender:  0 - send_time: 12:26:36 - amount:307k $  - receiver: 1 - receive_time: 12:27:39
2024-04-26:12:27:39 sender:  0 - send_time: 12:27:39 - amount:211k $  - receiver: 2 - receive_time: 12:26:06
2024-04-26:12:27:39 sender:  1 - send_time: 12:27:07 - amount:43k $  - receiver: 0 - receive_time: 12:27:39
2024-04-26:12:27:40 sender:  2 - send_time: 12:26:38 - amount:749k $  - receiver: 0 - receive_time: 12:27:40
2024-04-26:12:27:40 sender:  2 - send_time: 12:26:39 - amount:625k $  - receiver: 0 - receive_time: 12:27:40
2024-04-26:12:27:41 sender:  2 - send_time: 12:26:38 - amount:801k $  - receiver: 1 - receive_time: 12:27:41
2024-04-26:12:27:41 sender:  0 - send_time: 12:26:37 - amount:952k $  - receiver: 1 - receive_time: 12:27:41
2024-04-26:12:27:41 sender:  2 - send_time: 12:26:42 - amount:708k $  - receiver: 0 - receive_time: 12:27:41
2024-04-26:12:27:41 sender:  1 - send_time: 12:27:09 - amount:177k $  - receiver: 0 - receive_time: 12:27:41
2024-04-26:12:27:41 sender:  0 - send_time: 12:26:56 - amount:597k $  - receiver: 2 - receive_time: 12:27:41
2024-04-26:12:27:42 sender:  2 - send_time: 12:26:42 - amount:116k $  - receiver: 1 - receive_time: 12:27:42
2024-04-26:12:27:42 sender:  1 - send_time: 12:27:25 - amount:626k $  - receiver: 2 - receive_time: 12:27:42
2024-04-26:12:27:42 sender:  0 - send_time: 12:26:58 - amount:376k $  - receiver: 2 - receive_time: 12:27:42
2024-04-26:12:27:42 sender:  0 - send_time: 12:26:42 - amount:426k $  - receiver: 1 - receive_time: 12:27:42
2024-04-26:12:27:42 sender:  0 - send_time: 12:27:42 - amount:915k $  - receiver: 2 - receive_time: 12:27:13
2024-04-26:12:27:43 sender:  2 - send_time: 12:26:43 - amount:156k $  - receiver: 1 - receive_time: 12:27:43
2024-04-26:12:27:43 sender:  2 - send_time: 12:27:43 - amount:261k $  - receiver: 1 - receive_time: 12:26:54
2024-04-26:12:27:44 sender:  1 - send_time: 12:27:10 - amount:71k $  - receiver: 0 - receive_time: 12:27:44
2024-04-26:12:27:45 sender:  0 - send_time: 12:26:44 - amount:489k $  - receiver: 1 - receive_time: 12:27:45
2024-04-26:12:27:45 sender:  0 - send_time: 12:26:59 - amount:455k $  - receiver: 2 - receive_time: 12:27:45
2024-04-26:12:27:45 sender:  1 - send_time: 12:27:12 - amount:208k $  - receiver: 0 - receive_time: 12:27:45
2024-04-26:12:27:45 sender:  1 - send_time: 12:27:28 - amount:915k $  - receiver: 2 - receive_time: 12:27:45
2024-04-26:12:27:46 sender:  2 - send_time: 12:26:48 - amount:721k $  - receiver: 0 - receive_time: 12:27:46
2024-04-26:12:27:46 sender:  1 - send_time: 12:27:29 - amount:718k $  - receiver: 2 - receive_time: 12:27:46
2024-04-26:12:27:47 sender:  0 - send_time: 12:27:01 - amount:215k $  - receiver: 2 - receive_time: 12:27:47
2024-04-26:12:27:47 sender:  2 - send_time: 12:26:45 - amount:911k $  - receiver: 1 - receive_time: 12:27:47
2024-04-26:12:27:48 sender:  1 - send_time: 12:27:33 - amount:727k $  - receiver: 2 - receive_time: 12:27:48
2024-04-26:12:27:49 sender:  1 - send_time: 12:27:14 - amount:154k $  - receiver: 0 - receive_time: 12:27:49
2024-04-26:12:27:50 sender:  2 - send_time: 12:26:50 - amount:331k $  - receiver: 0 - receive_time: 12:27:50
2024-04-26:12:27:51 sender:  0 - send_time: 12:27:03 - amount:566k $  - receiver: 2 - receive_time: 12:27:51
2024-04-26:12:27:51 sender:  2 - send_time: 12:26:46 - amount:11k $  - receiver: 1 - receive_time: 12:27:51
2024-04-26:12:27:52 sender:  0 - send_time: 12:27:05 - amount:54k $  - receiver: 2 - receive_time: 12:27:52
2024-04-26:12:27:52 sender:  0 - send_time: 12:26:46 - amount:152k $  - receiver: 1 - receive_time: 12:27:52
2024-04-26:12:27:53 sender:  1 - send_time: 12:27:34 - amount:708k $  - receiver: 2 - receive_time: 12:27:53
2024-04-26:12:27:53 sender:  1 - send_time: 12:27:17 - amount:63k $  - receiver: 0 - receive_time: 12:27:53
2024-04-26:12:27:53 sender:  0 - send_time: 12:27:06 - amount:222k $  - receiver: 2 - receive_time: 12:27:53
2024-04-26:12:27:54 sender:  2 - send_time: 12:26:47 - amount:740k $  - receiver: 1 - receive_time: 12:27:54
2024-04-26:12:27:55 sender:  1 - send_time: 12:27:36 - amount:927k $  - receiver: 2 - receive_time: 12:27:55
2024-04-26:12:27:55 sender:  2 - send_time: 12:26:54 - amount:825k $  - receiver: 0 - receive_time: 12:27:55
2024-04-26:12:27:55 sender:  2 - send_time: 12:27:55 - amount:537k $  - receiver: 0 - receive_time: 12:26:51
2024-04-26:12:27:55 sender:  0 - send_time: 12:26:48 - amount:792k $  - receiver: 1 - receive_time: 12:27:55
2024-04-26:12:27:56 sender:  0 - send_time: 12:26:52 - amount:125k $  - receiver: 1 - receive_time: 12:27:56
2024-04-26:12:27:58 sender:  0 - send_time: 12:26:54 - amount:67k $  - receiver: 1 - receive_time: 12:27:58
2024-04-26:12:27:58 sender:  1 - send_time: 12:27:23 - amount:971k $  - receiver: 0 - receive_time: 12:27:58
2024-04-26:12:27:58 sender:  2 - send_time: 12:26:56 - amount:649k $  - receiver: 0 - receive_time: 12:27:58
2024-04-26:12:27:58 sender:  0 - send_time: 12:27:08 - amount:112k $  - receiver: 2 - receive_time: 12:27:58
2024-04-26:12:27:59 sender:  0 - send_time: 12:27:10 - amount:53k $  - receiver: 2 - receive_time: 12:27:59
2024-04-26:12:27:59 sender:  2 - send_time: 12:26:58 - amount:593k $  - receiver: 0 - receive_time: 12:27:59
2024-04-26:12:27:59 sender:  1 - send_time: 12:27:38 - amount:916k $  - receiver: 2 - receive_time: 12:27:59
2024-04-26:12:27:59 sender:  2 - send_time: 12:27:59 - amount:806k $  - receiver: 0 - receive_time: 12:23:03
2024-04-26:12:27:59 sender:  2 - send_time: 12:26:49 - amount:311k $  - receiver: 1 - receive_time: 12:27:59
2024-04-26:12:28:00 sender:  0 - send_time: 12:28:00 - amount:230k $  - receiver: 2 - receive_time: 12:26:09
2024-04-26:12:28:01 sender:  1 - send_time: 12:27:26 - amount:533k $  - receiver: 0 - receive_time: 12:28:01
2024-04-26:12:28:02 sender:  0 - send_time: 12:27:14 - amount:139k $  - receiver: 2 - receive_time: 12:28:02
2024-04-26:12:28:02 sender:  0 - send_time: 12:26:57 - amount:306k $  - receiver: 1 - receive_time: 12:28:02
2024-04-26:12:28:03 sender:  1 - send_time: 12:27:39 - amount:56k $  - receiver: 2 - receive_time: 12:28:03
2024-04-26:12:28:03 sender:  0 - send_time: 12:26:58 - amount:190k $  - receiver: 1 - receive_time: 12:28:03
2024-04-26:12:28:03 sender:  2 - send_time: 12:27:00 - amount:677k $  - receiver: 0 - receive_time: 12:28:03
2024-04-26:12:28:04 sender:  1 - send_time: 12:27:41 - amount:961k $  - receiver: 2 - receive_time: 12:28:04
2024-04-26:12:28:04 sender:  2 - send_time: 12:26:51 - amount:565k $  - receiver: 1 - receive_time: 12:28:04
2024-04-26:12:28:05 sender:  1 - send_time: 12:27:44 - amount:594k $  - receiver: 2 - receive_time: 12:28:05
2024-04-26:12:28:05 sender:  2 - send_time: 12:26:52 - amount:410k $  - receiver: 1 - receive_time: 12:28:05
2024-04-26:12:28:05 sender:  0 - send_time: 12:28:05 - amount:598k $  - receiver: 1 - receive_time: 12:27:28
2024-04-26:12:28:05 sender:  0 - send_time: 12:27:04 - amount:103k $  - receiver: 1 - receive_time: 12:28:05
2024-04-26:12:28:06 sender:  2 - send_time: 12:27:02 - amount:821k $  - receiver: 0 - receive_time: 12:28:06
2024-04-26:12:28:06 sender:  1 - send_time: 12:27:27 - amount:115k $  - receiver: 0 - receive_time: 12:28:06
2024-04-26:12:28:06 sender:  1 - send_time: 12:28:06 - amount:655k $  - receiver: 0 - receive_time: 12:26:41
2024-04-26:12:28:06 sender:  0 - send_time: 12:27:16 - amount:219k $  - receiver: 2 - receive_time: 12:28:06
2024-04-26:12:28:07 sender:  0 - send_time: 12:27:08 - amount:609k $  - receiver: 1 - receive_time: 12:28:07
2024-04-26:12:28:07 sender:  2 - send_time: 12:26:54 - amount:696k $  - receiver: 1 - receive_time: 12:28:07
2024-04-26:12:28:09 sender:  1 - send_time: 12:27:47 - amount:711k $  - receiver: 2 - receive_time: 12:28:09
2024-04-26:12:28:09 sender:  2 - send_time: 12:26:55 - amount:783k $  - receiver: 1 - receive_time: 12:28:09
2024-04-26:12:28:09 sender:  1 - send_time: 12:27:34 - amount:490k $  - receiver: 0 - receive_time: 12:28:09
2024-04-26:12:28:10 sender:  0 - send_time: 12:28:10 - amount:189k $  - receiver: 1 - receive_time: 12:24:18
2024-04-26:12:28:11 sender:  2 - send_time: 12:27:03 - amount:462k $  - receiver: 0 - receive_time: 12:28:11
2024-04-26:12:28:11 sender:  0 - send_time: 12:27:17 - amount:204k $  - receiver: 2 - receive_time: 12:28:11
2024-04-26:12:28:11 sender:  0 - send_time: 12:27:09 - amount:639k $  - receiver: 1 - receive_time: 12:28:11
2024-04-26:12:28:12 sender:  2 - send_time: 12:26:58 - amount:493k $  - receiver: 1 - receive_time: 12:28:12
2024-04-26:12:28:12 sender:  1 - send_time: 12:27:36 - amount:855k $  - receiver: 0 - receive_time: 12:28:12
2024-04-26:12:28:12 sender:  1 - send_time: 12:27:48 - amount:265k $  - receiver: 2 - receive_time: 12:28:12
2024-04-26:12:28:13 sender:  2 - send_time: 12:28:13 - amount:454k $  - receiver: 1 - receive_time: 12:25:05
2024-04-26:12:28:15 sender:  1 - send_time: 12:27:37 - amount:749k $  - receiver: 0 - receive_time: 12:28:15
2024-04-26:12:28:15 sender:  2 - send_time: 12:27:00 - amount:633k $  - receiver: 1 - receive_time: 12:28:15
2024-04-26:12:28:15 sender:  0 - send_time: 12:27:12 - amount:973k $  - receiver: 1 - receive_time: 12:28:15
2024-04-26:12:28:16 sender:  2 - send_time: 12:27:04 - amount:799k $  - receiver: 0 - receive_time: 12:28:16
2024-04-26:12:28:16 sender:  1 - send_time: 12:27:50 - amount:275k $  - receiver: 2 - receive_time: 12:28:16
2024-04-26:12:28:17 sender:  2 - send_time: 12:27:01 - amount:400k $  - receiver: 1 - receive_time: 12:28:17
2024-04-26:12:28:17 sender:  2 - send_time: 12:27:05 - amount:417k $  - receiver: 1 - receive_time: 12:28:17
2024-04-26:12:28:17 sender:  1 - send_time: 12:27:55 - amount:616k $  - receiver: 2 - receive_time: 12:28:17
2024-04-26:12:28:18 sender:  2 - send_time: 12:27:06 - amount:23k $  - receiver: 0 - receive_time: 12:28:18
2024-04-26:12:28:18 sender:  1 - send_time: 12:27:40 - amount:839k $  - receiver: 0 - receive_time: 12:28:18
2024-04-26:12:28:18 sender:  0 - send_time: 12:27:20 - amount:484k $  - receiver: 2 - receive_time: 12:28:18
2024-04-26:12:28:18 sender:  2 - send_time: 12:27:07 - amount:350k $  - receiver: 1 - receive_time: 12:28:18
2024-04-26:12:28:19 sender:  1 - send_time: 12:27:56 - amount:599k $  - receiver: 2 - receive_time: 12:28:19
2024-04-26:12:28:19 sender:  0 - send_time: 12:27:13 - amount:700k $  - receiver: 1 - receive_time: 12:28:19
2024-04-26:12:28:20 sender:  2 - send_time: 12:27:07 - amount:613k $  - receiver: 0 - receive_time: 12:28:20
